<?xml version="1.0" encoding="UTF-8"?>
<coverage generated="1637067723566" clover="4.4.1">
   <project name="Java UUID Generator 4.0.1" timestamp="1637067719915">
      <metrics coveredelements="549" complexity="320" loc="3195" methods="109" classes="21" statements="827" packages="5" coveredconditionals="120" coveredmethods="69" elements="1232" ncloc="1572" files="20" conditionals="296" coveredstatements="360" />
      <package name="test">
         <metrics coveredelements="0" complexity="2" loc="46" methods="1" classes="1" statements="13" coveredconditionals="0" coveredmethods="0" elements="14" ncloc="27" files="1" conditionals="0" coveredstatements="0" />
         <file path="/Users/seyoung/java-uuid-generator/src/main/java/test/FileSyncTest.java" name="FileSyncTest.java">
            <metrics coveredelements="0" coveredconditionals="0" complexity="2" loc="46" coveredmethods="0" methods="1" elements="14" classes="1" ncloc="27" statements="13" conditionals="0" coveredstatements="0" />
            <class name="FileSyncTest">
               <metrics coveredelements="0" coveredconditionals="0" complexity="2" coveredmethods="0" methods="1" elements="14" statements="13" conditionals="0" coveredstatements="0" />
            </class>
            <line complexity="2" visibility="public" signature="main(String[]) : void" num="15" count="0" type="method" />
            <line num="18" count="0" type="stmt" />
            <line num="20" count="0" type="stmt" />
            <line num="23" count="0" type="stmt" />
            <line num="24" count="0" type="stmt" />
            <line num="26" count="0" type="stmt" />
            <line num="27" count="0" type="stmt" />
            <line num="28" count="0" type="stmt" />
            <line num="30" count="0" type="stmt" />
            <line num="35" count="0" type="stmt" />
            <line num="38" count="0" type="stmt" />
            <line num="39" count="0" type="stmt" />
            <line num="41" count="0" type="stmt" />
            <line num="42" count="0" type="stmt" />
         </file>
      </package>
      <package name="com.fasterxml.uuid">
         <metrics coveredelements="327" complexity="172" loc="1739" methods="54" classes="11" statements="432" coveredconditionals="83" coveredmethods="44" elements="662" ncloc="799" files="11" conditionals="176" coveredstatements="200" />
         <file path="/Users/seyoung/java-uuid-generator/src/main/java/com/fasterxml/uuid/EthernetAddress.java" name="EthernetAddress.java">
            <metrics coveredelements="200" coveredconditionals="57" complexity="63" loc="499" coveredmethods="22" methods="23" elements="211" classes="1" ncloc="234" statements="126" conditionals="62" coveredstatements="121" />
            <class name="EthernetAddress">
               <metrics coveredelements="200" coveredconditionals="57" complexity="63" coveredmethods="22" methods="23" elements="211" statements="126" conditionals="62" coveredstatements="121" />
            </class>
            <line complexity="23" visibility="public" signature="EthernetAddress(String)" num="69" count="75" type="method" />
            <line num="72" count="75" type="stmt" />
            <line num="73" count="73" type="stmt" />
            <line num="79" count="73" type="stmt" />
            <line falsecount="53" truecount="378" num="79" type="cond" />
            <line num="80" count="378" type="stmt" />
            <line falsecount="374" truecount="4" num="80" type="cond" />
            <line num="82" count="4" type="stmt" />
            <line falsecount="0" truecount="4" num="82" type="cond" />
            <line num="83" count="4" type="stmt" />
            <line num="84" count="4" type="stmt" />
            <line num="86" count="0" type="stmt" />
            <line num="89" count="374" type="stmt" />
            <line num="90" count="374" type="stmt" />
            <line num="91" count="374" type="stmt" />
            <line num="94" count="374" type="stmt" />
            <line falsecount="360" truecount="14" num="94" type="cond" />
            <line num="95" count="14" type="stmt" />
            <line num="98" count="360" type="stmt" />
            <line falsecount="60" truecount="300" num="98" type="cond" />
            <line num="99" count="300" type="stmt" />
            <line num="100" count="60" type="stmt" />
            <line falsecount="17" truecount="43" num="100" type="cond" />
            <line num="101" count="43" type="stmt" />
            <line num="102" count="17" type="stmt" />
            <line falsecount="4" truecount="13" num="102" type="cond" />
            <line num="103" count="13" type="stmt" />
            <line num="105" count="4" type="stmt" />
            <line num="109" count="356" type="stmt" />
            <line falsecount="4" truecount="352" num="109" type="cond" />
            <line num="110" count="352" type="stmt" />
            <line num="111" count="352" type="stmt" />
            <line num="112" count="352" type="stmt" />
            <line falsecount="26" truecount="326" num="112" type="cond" />
            <line num="113" count="326" type="stmt" />
            <line num="114" count="326" type="stmt" />
            <line falsecount="43" truecount="283" num="114" type="cond" />
            <line num="115" count="283" type="stmt" />
            <line num="116" count="43" type="stmt" />
            <line falsecount="3" truecount="40" num="116" type="cond" />
            <line num="117" count="40" type="stmt" />
            <line num="118" count="3" type="stmt" />
            <line falsecount="0" truecount="3" num="118" type="cond" />
            <line num="119" count="3" type="stmt" />
            <line num="121" count="0" type="stmt" />
            <line num="127" count="370" type="stmt" />
            <line num="129" count="370" type="stmt" />
            <line falsecount="40" truecount="330" num="129" type="cond" />
            <line num="130" count="330" type="stmt" />
            <line falsecount="53" truecount="277" num="130" type="cond" />
            <line num="131" count="277" type="stmt" />
            <line falsecount="265" truecount="12" num="131" type="cond" />
            <line num="132" count="12" type="stmt" />
            <line num="134" count="265" type="stmt" />
            <line num="135" count="53" type="stmt" />
            <line falsecount="53" truecount="0" num="135" type="cond" />
            <line num="136" count="0" type="stmt" />
            <line num="140" count="57" type="stmt" />
            <line complexity="3" visibility="public" signature="EthernetAddress(byte[])" num="148" count="10026" type="method" />
            <line num="151" count="10026" type="stmt" />
            <line falsecount="10018" truecount="6" num="151" type="cond" />
            <line num="152" count="6" type="stmt" />
            <line num="154" count="10018" type="stmt" />
            <line num="155" count="10018" type="stmt" />
            <line falsecount="10018" truecount="50090" num="155" type="cond" />
            <line num="156" count="50090" type="stmt" />
            <line num="158" count="10018" type="stmt" />
            <line complexity="1" visibility="public" signature="EthernetAddress(long)" num="168" count="39" type="method" />
            <line num="169" count="39" type="stmt" />
            <line complexity="1" visibility="public" signature="clone() : Object" num="175" count="3" type="method" />
            <line num="178" count="3" type="stmt" />
            <line complexity="1" visibility="public" signature="valueOf(byte[]) : EthernetAddress" num="193" count="5" type="method" />
            <line num="196" count="5" type="stmt" />
            <line complexity="2" visibility="public" signature="valueOf(int[]) : EthernetAddress" num="211" count="5" type="method" />
            <line num="214" count="5" type="stmt" />
            <line num="216" count="4" type="stmt" />
            <line falsecount="4" truecount="24" num="216" type="cond" />
            <line num="217" count="24" type="stmt" />
            <line num="219" count="4" type="stmt" />
            <line complexity="1" visibility="public" signature="valueOf(String) : EthernetAddress" num="233" count="34" type="method" />
            <line num="236" count="34" type="stmt" />
            <line complexity="1" visibility="public" signature="valueOf(long) : EthernetAddress" num="249" count="2" type="method" />
            <line num="251" count="2" type="stmt" />
            <line complexity="6" visibility="public" signature="fromInterface() : EthernetAddress" num="267" count="1" type="method" />
            <line num="269" count="1" type="stmt" />
            <line num="270" count="1" type="stmt" />
            <line num="271" count="1" type="stmt" />
            <line falsecount="0" truecount="9" num="271" type="cond" />
            <line num="272" count="9" type="stmt" />
            <line num="273" count="9" type="stmt" />
            <line falsecount="0" truecount="9" num="273" type="cond" />
            <line num="274" count="9" type="stmt" />
            <line num="275" count="9" type="stmt" />
            <line falsecount="8" truecount="1" num="275" type="cond" />
            <line num="276" count="1" type="stmt" />
            <line num="283" count="0" type="stmt" />
            <line complexity="1" visibility="public" signature="constructMulticastAddress() : EthernetAddress" num="296" count="2" type="method" />
            <line num="298" count="2" type="stmt" />
            <line complexity="1" visibility="public" signature="constructMulticastAddress(Random) : EthernetAddress" num="310" count="10004" type="method" />
            <line num="312" count="10004" type="stmt" />
            <line num="313" count="10004" type="stmt" />
            <line num="314" count="10004" type="stmt" />
            <line num="324" count="10004" type="stmt" />
            <line num="325" count="10004" type="stmt" />
            <line complexity="1" visibility="public" signature="asByteArray() : byte[]" num="341" count="30014" type="method" />
            <line num="343" count="30014" type="stmt" />
            <line num="344" count="30014" type="stmt" />
            <line num="345" count="30014" type="stmt" />
            <line complexity="1" visibility="public" signature="toByteArray() : byte[]" num="353" count="7" type="method" />
            <line num="353" count="7" type="stmt" />
            <line complexity="2" visibility="public" signature="toByteArray(byte[]) : void" num="355" count="30021" type="method" />
            <line num="356" count="30021" type="stmt" />
            <line falsecount="30019" truecount="1" num="356" type="cond" />
            <line num="357" count="1" type="stmt" />
            <line num="359" count="30019" type="stmt" />
            <line complexity="3" visibility="public" signature="toByteArray(byte[],int) : void" num="362" count="30031" type="method" />
            <line num="364" count="30031" type="stmt" />
            <line falsecount="30026" truecount="4" num="364" type="cond" />
            <line num="365" count="4" type="stmt" />
            <line num="367" count="30026" type="stmt" />
            <line num="368" count="30026" type="stmt" />
            <line num="369" count="30026" type="stmt" />
            <line num="370" count="30026" type="stmt" />
            <line num="371" count="30026" type="stmt" />
            <line num="372" count="30026" type="stmt" />
            <line num="373" count="30026" type="stmt" />
            <line num="374" count="30026" type="stmt" />
            <line complexity="1" visibility="public" signature="toLong() : long" num="377" count="43" type="method" />
            <line num="378" count="43" type="stmt" />
            <line complexity="1" visibility="public" signature="isMulticastAddress() : boolean" num="393" count="2" type="method" />
            <line num="394" count="2" type="stmt" />
            <line complexity="1" visibility="public" signature="isLocallyAdministeredAddress() : boolean" num="404" count="0" type="method" />
            <line num="405" count="0" type="stmt" />
            <line complexity="4" visibility="public" signature="equals(Object) : boolean" num="414" count="31" type="method" />
            <line num="417" count="31" type="stmt" />
            <line num="417" count="18" type="stmt" />
            <line falsecount="13" truecount="18" num="417" type="cond" />
            <line num="418" count="13" type="stmt" />
            <line num="418" count="1" type="stmt" />
            <line falsecount="12" truecount="1" num="418" type="cond" />
            <line num="419" count="12" type="stmt" />
            <line num="419" count="1" type="stmt" />
            <line falsecount="11" truecount="1" num="419" type="cond" />
            <line num="420" count="11" type="stmt" />
            <line complexity="3" visibility="public" signature="compareTo(EthernetAddress) : int" num="432" count="56" type="method" />
            <line num="435" count="56" type="stmt" />
            <line num="436" count="55" type="stmt" />
            <line num="436" count="26" type="stmt" />
            <line falsecount="29" truecount="26" num="436" type="cond" />
            <line num="437" count="29" type="stmt" />
            <line falsecount="21" truecount="8" num="437" type="cond" />
            <line complexity="2" visibility="public" signature="toString() : String" num="447" count="80" type="method" />
            <line num="450" count="80" type="stmt" />
            <line num="451" count="80" type="stmt" />
            <line falsecount="61" truecount="19" num="451" type="cond" />
            <line num="452" count="19" type="stmt" />
            <line num="458" count="61" type="stmt" />
            <line num="459" count="61" type="stmt" />
            <line num="460" count="61" type="stmt" />
            <line num="462" count="61" type="stmt" />
            <line num="463" count="61" type="stmt" />
            <line num="464" count="61" type="stmt" />
            <line num="465" count="61" type="stmt" />
            <line num="466" count="61" type="stmt" />
            <line num="467" count="61" type="stmt" />
            <line num="468" count="61" type="stmt" />
            <line num="469" count="61" type="stmt" />
            <line num="470" count="61" type="stmt" />
            <line num="471" count="61" type="stmt" />
            <line num="472" count="61" type="stmt" />
            <line num="473" count="61" type="stmt" />
            <line num="474" count="61" type="stmt" />
            <line complexity="2" visibility="protected" signature="_randomNumberGenerator() : Random" num="486" count="2" type="method" />
            <line num="488" count="2" type="stmt" />
            <line falsecount="1" truecount="1" num="488" type="cond" />
            <line num="489" count="1" type="stmt" />
            <line num="491" count="2" type="stmt" />
            <line complexity="1" visibility="private" signature="_appendHex(StringBuilder,int) : void" num="494" count="366" type="method" />
            <line num="496" count="366" type="stmt" />
            <line num="497" count="366" type="stmt" />
         </file>
         <file path="/Users/seyoung/java-uuid-generator/src/main/java/com/fasterxml/uuid/Generators.java" name="Generators.java">
            <metrics coveredelements="31" coveredconditionals="5" complexity="16" loc="198" coveredmethods="8" methods="10" elements="42" classes="1" ncloc="75" statements="26" conditionals="6" coveredstatements="18" />
            <class name="Generators">
               <metrics coveredelements="31" coveredconditionals="5" complexity="16" coveredmethods="8" methods="10" elements="42" statements="26" conditionals="6" coveredstatements="18" />
            </class>
            <line complexity="1" visibility="public" signature="randomBasedGenerator() : RandomBasedGenerator" num="50" count="3" type="method" />
            <line num="51" count="3" type="stmt" />
            <line complexity="1" visibility="public" signature="randomBasedGenerator(Random) : RandomBasedGenerator" num="59" count="3" type="method" />
            <line num="60" count="3" type="stmt" />
            <line complexity="1" visibility="public" signature="nameBasedGenerator() : NameBasedGenerator" num="71" count="0" type="method" />
            <line num="72" count="0" type="stmt" />
            <line complexity="1" visibility="public" signature="nameBasedGenerator(UUID) : NameBasedGenerator" num="86" count="3" type="method" />
            <line num="87" count="3" type="stmt" />
            <line complexity="3" visibility="public" signature="nameBasedGenerator(UUID,MessageDigest) : NameBasedGenerator" num="102" count="4" type="method" />
            <line num="104" count="4" type="stmt" />
            <line num="105" count="4" type="stmt" />
            <line falsecount="1" truecount="3" num="105" type="cond" />
            <line num="106" count="3" type="stmt" />
            <line num="107" count="3" type="stmt" />
            <line num="108" count="3" type="stmt" />
            <line num="110" count="0" type="stmt" />
            <line num="113" count="4" type="stmt" />
            <line complexity="1" visibility="public" signature="timeBasedGenerator() : TimeBasedGenerator" num="127" count="1" type="method" />
            <line num="129" count="1" type="stmt" />
            <line complexity="1" visibility="public" signature="timeBasedGenerator(EthernetAddress) : TimeBasedGenerator" num="138" count="2" type="method" />
            <line num="140" count="2" type="stmt" />
            <line complexity="2" visibility="public" signature="timeBasedGenerator(EthernetAddress,TimestampSynchronizer) : TimeBasedGenerator" num="154" count="0" type="method" />
            <line num="157" count="0" type="stmt" />
            <line num="158" count="0" type="stmt" />
            <line num="159" count="0" type="stmt" />
            <line num="161" count="0" type="stmt" />
            <line num="163" count="0" type="stmt" />
            <line complexity="2" visibility="public" signature="timeBasedGenerator(EthernetAddress,UUIDTimer) : TimeBasedGenerator" num="172" count="2" type="method" />
            <line num="175" count="2" type="stmt" />
            <line falsecount="0" truecount="2" num="175" type="cond" />
            <line num="176" count="2" type="stmt" />
            <line num="178" count="2" type="stmt" />
            <line complexity="3" visibility="private" signature="sharedTimer() : UUIDTimer" num="187" count="2" type="method" />
            <line num="189" count="2" type="stmt" />
            <line falsecount="1" truecount="1" num="189" type="cond" />
            <line num="190" count="1" type="stmt" />
            <line num="191" count="1" type="stmt" />
            <line num="193" count="0" type="stmt" />
            <line num="196" count="2" type="stmt" />
         </file>
         <file path="/Users/seyoung/java-uuid-generator/src/main/java/com/fasterxml/uuid/Jug.java" name="Jug.java">
            <metrics coveredelements="0" coveredconditionals="0" complexity="54" loc="321" coveredmethods="0" methods="5" elements="259" classes="1" ncloc="259" statements="186" conditionals="68" coveredstatements="0" />
            <class name="Jug">
               <metrics coveredelements="0" coveredconditionals="0" complexity="54" coveredmethods="0" methods="5" elements="259" statements="186" conditionals="68" coveredstatements="0" />
            </class>
            <line complexity="1" visibility="package" signature="&lt;clinit&gt;, line 30()" num="30" count="0" type="method" />
            <line num="31" count="0" type="stmt" />
            <line num="32" count="0" type="stmt" />
            <line num="33" count="0" type="stmt" />
            <line complexity="1" visibility="package" signature="&lt;clinit&gt;, line 37()" num="37" count="0" type="method" />
            <line num="38" count="0" type="stmt" />
            <line num="39" count="0" type="stmt" />
            <line num="40" count="0" type="stmt" />
            <line num="41" count="0" type="stmt" />
            <line num="42" count="0" type="stmt" />
            <line num="43" count="0" type="stmt" />
            <line num="44" count="0" type="stmt" />
            <line complexity="1" visibility="protected" signature="printUsage() : void" num="47" count="0" type="method" />
            <line num="49" count="0" type="stmt" />
            <line num="50" count="0" type="stmt" />
            <line num="51" count="0" type="stmt" />
            <line num="52" count="0" type="stmt" />
            <line num="53" count="0" type="stmt" />
            <line num="54" count="0" type="stmt" />
            <line num="55" count="0" type="stmt" />
            <line num="56" count="0" type="stmt" />
            <line num="57" count="0" type="stmt" />
            <line num="58" count="0" type="stmt" />
            <line num="59" count="0" type="stmt" />
            <line num="60" count="0" type="stmt" />
            <line num="61" count="0" type="stmt" />
            <line num="62" count="0" type="stmt" />
            <line num="63" count="0" type="stmt" />
            <line num="64" count="0" type="stmt" />
            <line num="65" count="0" type="stmt" />
            <line num="66" count="0" type="stmt" />
            <line num="67" count="0" type="stmt" />
            <line num="68" count="0" type="stmt" />
            <line num="69" count="0" type="stmt" />
            <line num="70" count="0" type="stmt" />
            <line complexity="5" visibility="private" signature="printMap(Map&lt;String,String&gt;,PrintStream,boolean) : void" num="73" count="0" type="method" />
            <line num="75" count="0" type="stmt" />
            <line num="76" count="0" type="stmt" />
            <line num="77" count="0" type="stmt" />
            <line num="78" count="0" type="stmt" />
            <line falsecount="0" truecount="0" num="78" type="cond" />
            <line num="79" count="0" type="stmt" />
            <line falsecount="0" truecount="0" num="79" type="cond" />
            <line num="80" count="0" type="stmt" />
            <line num="82" count="0" type="stmt" />
            <line num="85" count="0" type="stmt" />
            <line falsecount="0" truecount="0" num="85" type="cond" />
            <line num="86" count="0" type="stmt" />
            <line num="88" count="0" type="stmt" />
            <line num="89" count="0" type="stmt" />
            <line num="90" count="0" type="stmt" />
            <line falsecount="0" truecount="0" num="90" type="cond" />
            <line num="91" count="0" type="stmt" />
            <line num="93" count="0" type="stmt" />
            <line num="94" count="0" type="stmt" />
            <line complexity="46" visibility="public" signature="main(String[]) : void" num="98" count="0" type="method" />
            <line num="100" count="0" type="stmt" />
            <line falsecount="0" truecount="0" num="100" type="cond" />
            <line num="101" count="0" type="stmt" />
            <line num="102" count="0" type="stmt" />
            <line num="105" count="0" type="stmt" />
            <line num="106" count="0" type="stmt" />
            <line num="107" count="0" type="stmt" />
            <line num="108" count="0" type="stmt" />
            <line num="109" count="0" type="stmt" />
            <line num="110" count="0" type="stmt" />
            <line num="111" count="0" type="stmt" />
            <line num="112" count="0" type="stmt" />
            <line num="114" count="0" type="stmt" />
            <line num="117" count="0" type="stmt" />
            <line num="118" count="0" type="stmt" />
            <line falsecount="0" truecount="0" num="118" type="cond" />
            <line num="119" count="0" type="stmt" />
            <line falsecount="0" truecount="0" num="119" type="cond" />
            <line num="120" count="0" type="stmt" />
            <line num="122" count="0" type="stmt" />
            <line num="123" count="0" type="stmt" />
            <line num="124" count="0" type="stmt" />
            <line num="128" count="0" type="stmt" />
            <line num="132" count="0" type="stmt" />
            <line num="133" count="0" type="stmt" />
            <line num="135" count="0" type="stmt" />
            <line falsecount="0" truecount="0" num="135" type="cond" />
            <line num="136" count="0" type="stmt" />
            <line num="138" count="0" type="stmt" />
            <line falsecount="0" truecount="0" num="138" type="cond" />
            <line num="139" count="0" type="stmt" />
            <line num="140" count="0" type="stmt" />
            <line num="143" count="0" type="stmt" />
            <line num="144" count="0" type="stmt" />
            <line falsecount="0" truecount="0" num="144" type="cond" />
            <line num="145" count="0" type="stmt" />
            <line num="147" count="0" type="stmt" />
            <line falsecount="0" truecount="0" num="147" type="cond" />
            <line num="148" count="0" type="stmt" />
            <line num="151" count="0" type="stmt" />
            <line falsecount="0" truecount="0" num="151" type="cond" />
            <line num="152" count="0" type="stmt" />
            <line num="156" count="0" type="stmt" />
            <line falsecount="0" truecount="0" num="156" type="cond" />
            <line num="157" count="0" type="stmt" />
            <line num="158" count="0" type="stmt" />
            <line num="159" count="0" type="stmt" />
            <line num="160" count="0" type="stmt" />
            <line num="161" count="0" type="stmt" />
            <line num="165" count="0" type="stmt" />
            <line num="166" count="0" type="stmt" />
            <line num="167" count="0" type="stmt" />
            <line num="168" count="0" type="stmt" />
            <line num="170" count="0" type="stmt" />
            <line num="171" count="0" type="stmt" />
            <line num="172" count="0" type="stmt" />
            <line num="174" count="0" type="stmt" />
            <line num="175" count="0" type="stmt" />
            <line num="177" count="0" type="stmt" />
            <line falsecount="0" truecount="0" num="177" type="cond" />
            <line num="178" count="0" type="stmt" />
            <line num="180" count="0" type="stmt" />
            <line num="181" count="0" type="stmt" />
            <line num="183" count="0" type="stmt" />
            <line num="184" count="0" type="stmt" />
            <line num="185" count="0" type="stmt" />
            <line num="187" count="0" type="stmt" />
            <line num="188" count="0" type="stmt" />
            <line num="190" count="0" type="stmt" />
            <line num="191" count="0" type="stmt" />
            <line num="192" count="0" type="stmt" />
            <line num="193" count="0" type="stmt" />
            <line num="194" count="0" type="stmt" />
            <line num="196" count="0" type="stmt" />
            <line num="197" count="0" type="stmt" />
            <line num="198" count="0" type="stmt" />
            <line num="199" count="0" type="stmt" />
            <line num="200" count="0" type="stmt" />
            <line num="201" count="0" type="stmt" />
            <line num="203" count="0" type="stmt" />
            <line num="204" count="0" type="stmt" />
            <line num="205" count="0" type="stmt" />
            <line num="206" count="0" type="stmt" />
            <line num="207" count="0" type="stmt" />
            <line num="211" count="0" type="stmt" />
            <line num="212" count="0" type="stmt" />
            <line num="219" count="0" type="stmt" />
            <line num="220" count="0" type="stmt" />
            <line num="222" count="0" type="stmt" />
            <line num="224" count="0" type="stmt" />
            <line num="225" count="0" type="stmt" />
            <line num="226" count="0" type="stmt" />
            <line num="228" count="0" type="stmt" />
            <line falsecount="0" truecount="0" num="228" type="cond" />
            <line num="229" count="0" type="stmt" />
            <line falsecount="0" truecount="0" num="229" type="cond" />
            <line num="230" count="0" type="stmt" />
            <line num="232" count="0" type="stmt" />
            <line num="233" count="0" type="stmt" />
            <line falsecount="0" truecount="0" num="233" type="cond" />
            <line num="234" count="0" type="stmt" />
            <line num="235" count="0" type="stmt" />
            <line num="238" count="0" type="stmt" />
            <line num="239" count="0" type="stmt" />
            <line num="240" count="0" type="stmt" />
            <line num="241" count="0" type="stmt" />
            <line num="243" count="0" type="stmt" />
            <line num="244" count="0" type="stmt" />
            <line falsecount="0" truecount="0" num="244" type="cond" />
            <line num="245" count="0" type="stmt" />
            <line num="247" count="0" type="stmt" />
            <line num="249" count="0" type="stmt" />
            <line num="250" count="0" type="stmt" />
            <line num="251" count="0" type="stmt" />
            <line falsecount="0" truecount="0" num="251" type="cond" />
            <line num="252" count="0" type="stmt" />
            <line num="253" count="0" type="stmt" />
            <line num="255" count="0" type="stmt" />
            <line falsecount="0" truecount="0" num="255" type="cond" />
            <line num="256" count="0" type="stmt" />
            <line num="257" count="0" type="stmt" />
            <line num="259" count="0" type="stmt" />
            <line falsecount="0" truecount="0" num="259" type="cond" />
            <line num="260" count="0" type="stmt" />
            <line num="261" count="0" type="stmt" />
            <line num="262" count="0" type="stmt" />
            <line falsecount="0" truecount="0" num="262" type="cond" />
            <line num="263" count="0" type="stmt" />
            <line num="264" count="0" type="stmt" />
            <line falsecount="0" truecount="0" num="264" type="cond" />
            <line num="265" count="0" type="stmt" />
            <line num="267" count="0" type="stmt" />
            <line num="269" count="0" type="stmt" />
            <line num="272" count="0" type="stmt" />
            <line num="273" count="0" type="stmt" />
            <line num="277" count="0" type="stmt" />
            <line falsecount="0" truecount="0" num="277" type="cond" />
            <line num="278" count="0" type="stmt" />
            <line num="284" count="0" type="stmt" />
            <line num="286" count="0" type="stmt" />
            <line falsecount="0" truecount="0" num="286" type="cond" />
            <line num="288" count="0" type="stmt" />
            <line falsecount="0" truecount="0" num="288" type="cond" />
            <line num="289" count="0" type="stmt" />
            <line falsecount="0" truecount="0" num="289" type="cond" />
            <line num="290" count="0" type="stmt" />
            <line num="293" count="0" type="stmt" />
            <line num="294" count="0" type="stmt" />
            <line falsecount="0" truecount="0" num="294" type="cond" />
            <line num="295" count="0" type="stmt" />
            <line num="298" count="0" type="stmt" />
            <line num="301" count="0" type="stmt" />
            <line falsecount="0" truecount="0" num="301" type="cond" />
            <line num="302" count="0" type="stmt" />
            <line falsecount="0" truecount="0" num="302" type="cond" />
            <line num="304" count="0" type="stmt" />
            <line falsecount="0" truecount="0" num="304" type="cond" />
            <line num="305" count="0" type="stmt" />
            <line num="307" count="0" type="stmt" />
            <line falsecount="0" truecount="0" num="307" type="cond" />
            <line num="308" count="0" type="stmt" />
            <line num="312" count="0" type="stmt" />
            <line falsecount="0" truecount="0" num="312" type="cond" />
            <line num="313" count="0" type="stmt" />
            <line num="315" count="0" type="stmt" />
            <line falsecount="0" truecount="0" num="315" type="cond" />
            <line num="316" count="0" type="stmt" />
            <line num="317" count="0" type="stmt" />
            <line num="318" count="0" type="stmt" />
         </file>
         <file path="/Users/seyoung/java-uuid-generator/src/main/java/com/fasterxml/uuid/NoArgGenerator.java" name="NoArgGenerator.java">
            <metrics coveredelements="0" coveredconditionals="0" complexity="0" loc="14" coveredmethods="0" methods="0" elements="0" classes="1" ncloc="6" statements="0" conditionals="0" coveredstatements="0" />
            <class name="NoArgGenerator">
               <metrics coveredelements="0" coveredconditionals="0" complexity="0" coveredmethods="0" methods="0" elements="0" statements="0" conditionals="0" coveredstatements="0" />
            </class>
         </file>
         <file path="/Users/seyoung/java-uuid-generator/src/main/java/com/fasterxml/uuid/StringArgGenerator.java" name="StringArgGenerator.java">
            <metrics coveredelements="0" coveredconditionals="0" complexity="0" loc="26" coveredmethods="0" methods="0" elements="0" classes="1" ncloc="7" statements="0" conditionals="0" coveredstatements="0" />
            <class name="StringArgGenerator">
               <metrics coveredelements="0" coveredconditionals="0" complexity="0" coveredmethods="0" methods="0" elements="0" statements="0" conditionals="0" coveredstatements="0" />
            </class>
         </file>
         <file path="/Users/seyoung/java-uuid-generator/src/main/java/com/fasterxml/uuid/TimestampSynchronizer.java" name="TimestampSynchronizer.java">
            <metrics coveredelements="0" coveredconditionals="0" complexity="1" loc="82" coveredmethods="0" methods="1" elements="1" classes="1" ncloc="12" statements="0" conditionals="0" coveredstatements="0" />
            <class name="TimestampSynchronizer">
               <metrics coveredelements="0" coveredconditionals="0" complexity="1" coveredmethods="0" methods="1" elements="1" statements="0" conditionals="0" coveredstatements="0" />
            </class>
            <line complexity="1" visibility="protected" signature="TimestampSynchronizer()" num="31" count="0" type="method" />
         </file>
         <file path="/Users/seyoung/java-uuid-generator/src/main/java/com/fasterxml/uuid/UUIDClock.java" name="UUIDClock.java">
            <metrics coveredelements="2" coveredconditionals="0" complexity="1" loc="36" coveredmethods="1" methods="1" elements="2" classes="1" ncloc="8" statements="1" conditionals="0" coveredstatements="1" />
            <class name="UUIDClock">
               <metrics coveredelements="2" coveredconditionals="0" complexity="1" coveredmethods="1" methods="1" elements="2" statements="1" conditionals="0" coveredstatements="1" />
            </class>
            <line complexity="1" visibility="public" signature="currentTimeMillis() : long" num="32" count="30004" type="method" />
            <line num="34" count="30004" type="stmt" />
         </file>
         <file path="/Users/seyoung/java-uuid-generator/src/main/java/com/fasterxml/uuid/UUIDComparator.java" name="UUIDComparator.java">
            <metrics coveredelements="39" coveredconditionals="15" complexity="12" loc="77" coveredmethods="4" methods="4" elements="40" classes="1" ncloc="47" statements="20" conditionals="16" coveredstatements="20" />
            <class name="UUIDComparator">
               <metrics coveredelements="39" coveredconditionals="15" complexity="12" coveredmethods="4" methods="4" elements="40" statements="20" conditionals="16" coveredstatements="20" />
            </class>
            <line complexity="1" visibility="public" signature="compare(UUID,UUID) : int" num="21" count="78" type="method" />
            <line num="24" count="78" type="stmt" />
            <line complexity="5" visibility="public" signature="staticCompare(UUID,UUID) : int" num="31" count="90" type="method" />
            <line num="34" count="90" type="stmt" />
            <line num="35" count="90" type="stmt" />
            <line num="36" count="90" type="stmt" />
            <line falsecount="80" truecount="10" num="36" type="cond" />
            <line num="37" count="10" type="stmt" />
            <line num="40" count="80" type="stmt" />
            <line falsecount="3" truecount="77" num="40" type="cond" />
            <line num="41" count="77" type="stmt" />
            <line num="42" count="77" type="stmt" />
            <line falsecount="50" truecount="27" num="42" type="cond" />
            <line num="44" count="27" type="stmt" />
            <line num="48" count="3" type="stmt" />
            <line num="50" count="3" type="stmt" />
            <line falsecount="0" truecount="3" num="50" type="cond" />
            <line num="51" count="3" type="stmt" />
            <line num="55" count="80" type="stmt" />
            <line complexity="2" visibility="protected" signature="compareULongs(long,long) : int" num="58" count="127" type="method" />
            <line num="59" count="127" type="stmt" />
            <line num="60" count="127" type="stmt" />
            <line falsecount="14" truecount="113" num="60" type="cond" />
            <line num="61" count="113" type="stmt" />
            <line num="63" count="127" type="stmt" />
            <line complexity="4" visibility="protected" signature="compareUInts(int,int) : int" num="66" count="253" type="method" />
            <line num="72" count="253" type="stmt" />
            <line falsecount="125" truecount="128" num="72" type="cond" />
            <line num="73" count="128" type="stmt" />
            <line falsecount="4" truecount="124" num="73" type="cond" />
            <line num="75" count="125" type="stmt" />
            <line falsecount="121" truecount="4" num="75" type="cond" />
         </file>
         <file path="/Users/seyoung/java-uuid-generator/src/main/java/com/fasterxml/uuid/UUIDGenerator.java" name="UUIDGenerator.java">
            <metrics coveredelements="1" coveredconditionals="0" complexity="1" loc="49" coveredmethods="1" methods="1" elements="1" classes="1" ncloc="6" statements="0" conditionals="0" coveredstatements="0" />
            <class name="UUIDGenerator">
               <metrics coveredelements="1" coveredconditionals="0" complexity="1" coveredmethods="1" methods="1" elements="1" statements="0" conditionals="0" coveredstatements="0" />
            </class>
            <line complexity="1" visibility="protected" signature="UUIDGenerator()" num="36" count="9" type="method" />
         </file>
         <file path="/Users/seyoung/java-uuid-generator/src/main/java/com/fasterxml/uuid/UUIDTimer.java" name="UUIDTimer.java">
            <metrics coveredelements="50" coveredconditionals="6" complexity="22" loc="408" coveredmethods="6" methods="7" elements="102" classes="1" ncloc="130" statements="71" conditionals="24" coveredstatements="38" />
            <class name="UUIDTimer">
               <metrics coveredelements="50" coveredconditionals="6" complexity="22" coveredmethods="6" methods="7" elements="102" statements="71" conditionals="24" coveredstatements="38" />
            </class>
            <line complexity="1" visibility="public" signature="UUIDTimer(Random,TimestampSynchronizer)" num="173" count="3" type="method" />
            <line num="175" count="3" type="stmt" />
            <line complexity="3" visibility="public" signature="UUIDTimer(Random,TimestampSynchronizer,UUIDClock)" num="188" count="6" type="method" />
            <line num="190" count="6" type="stmt" />
            <line num="191" count="6" type="stmt" />
            <line num="192" count="6" type="stmt" />
            <line num="193" count="6" type="stmt" />
            <line num="194" count="5" type="stmt" />
            <line num="196" count="5" type="stmt" />
            <line num="203" count="5" type="stmt" />
            <line falsecount="5" truecount="0" num="203" type="cond" />
            <line num="204" count="0" type="stmt" />
            <line num="205" count="0" type="stmt" />
            <line falsecount="0" truecount="0" num="205" type="cond" />
            <line num="206" count="0" type="stmt" />
            <line num="213" count="5" type="stmt" />
            <line complexity="1" visibility="private" signature="initCounters(Random) : void" num="216" count="6" type="method" />
            <line num="221" count="6" type="stmt" />
            <line num="229" count="5" type="stmt" />
            <line complexity="1" visibility="public" signature="getClockSequence() : int" num="232" count="2" type="method" />
            <line num="233" count="2" type="stmt" />
            <line complexity="8" visibility="public" signature="getTimestamp() : long" num="243" count="30006" type="method" />
            <line num="245" count="30006" type="stmt" />
            <line num="249" count="30006" type="stmt" />
            <line falsecount="30006" truecount="0" num="249" type="cond" />
            <line num="250" count="0" type="stmt" />
            <line num="252" count="0" type="stmt" />
            <line num="259" count="30006" type="stmt" />
            <line falsecount="15" truecount="29991" num="259" type="cond" />
            <line num="263" count="29991" type="stmt" />
            <line falsecount="0" truecount="29991" num="263" type="cond" />
            <line num="264" count="29991" type="stmt" />
            <line num="266" count="0" type="stmt" />
            <line num="267" count="0" type="stmt" />
            <line num="268" count="0" type="stmt" />
            <line num="270" count="0" type="stmt" />
            <line num="276" count="0" type="stmt" />
            <line num="284" count="0" type="stmt" />
            <line falsecount="0" truecount="0" num="284" type="cond" />
            <line num="285" count="0" type="stmt" />
            <line num="293" count="15" type="stmt" />
            <line num="296" count="30006" type="stmt" />
            <line num="302" count="30006" type="stmt" />
            <line falsecount="30006" truecount="0" num="302" type="cond" />
            <line num="303" count="0" type="stmt" />
            <line num="304" count="0" type="stmt" />
            <line num="306" count="0" type="stmt" />
            <line num="313" count="30006" type="stmt" />
            <line num="314" count="30006" type="stmt" />
            <line num="317" count="30006" type="stmt" />
            <line num="319" count="30006" type="stmt" />
            <line num="320" count="30006" type="stmt" />
            <line complexity="1" visibility="protected" signature="getAndSetTimestamp(byte[]) : void" num="332" count="10004" type="method" />
            <line num="334" count="10004" type="stmt" />
            <line num="336" count="10004" type="stmt" />
            <line num="337" count="10004" type="stmt" />
            <line num="341" count="10003" type="stmt" />
            <line num="342" count="10003" type="stmt" />
            <line num="344" count="10003" type="stmt" />
            <line num="345" count="10003" type="stmt" />
            <line num="346" count="10003" type="stmt" />
            <line num="347" count="10003" type="stmt" />
            <line num="349" count="10003" type="stmt" />
            <line num="350" count="10003" type="stmt" />
            <line num="351" count="10003" type="stmt" />
            <line num="352" count="10003" type="stmt" />
            <line complexity="7" visibility="protected" signature="slowDown(long,long) : void" num="374" count="0" type="method" />
            <line num="379" count="0" type="stmt" />
            <line num="380" count="0" type="stmt" />
            <line num="382" count="0" type="stmt" />
            <line falsecount="0" truecount="0" num="382" type="cond" />
            <line num="383" count="0" type="stmt" />
            <line num="384" count="0" type="stmt" />
            <line falsecount="0" truecount="0" num="384" type="cond" />
            <line num="385" count="0" type="stmt" />
            <line num="386" count="0" type="stmt" />
            <line falsecount="0" truecount="0" num="386" type="cond" />
            <line num="387" count="0" type="stmt" />
            <line num="389" count="0" type="stmt" />
            <line num="391" count="0" type="stmt" />
            <line num="392" count="0" type="stmt" />
            <line num="393" count="0" type="stmt" />
            <line num="394" count="0" type="stmt" />
            <line num="395" count="0" type="stmt" />
            <line num="396" count="0" type="stmt" />
            <line num="398" count="0" type="stmt" />
            <line num="403" count="0" type="stmt" />
            <line falsecount="0" truecount="0" num="403" type="cond" />
            <line num="404" count="0" type="stmt" />
            <line falsecount="0" truecount="0" num="406" type="cond" />
         </file>
         <file path="/Users/seyoung/java-uuid-generator/src/main/java/com/fasterxml/uuid/UUIDType.java" name="UUIDType.java">
            <metrics coveredelements="4" coveredconditionals="0" complexity="2" loc="29" coveredmethods="2" methods="2" elements="4" classes="1" ncloc="15" statements="2" conditionals="0" coveredstatements="2" />
            <class name="UUIDType">
               <metrics coveredelements="4" coveredconditionals="0" complexity="2" coveredmethods="2" methods="2" elements="4" statements="2" conditionals="0" coveredstatements="2" />
            </class>
            <line complexity="1" visibility="private" signature="UUIDType(int)" num="21" count="6" type="method" />
            <line num="22" count="6" type="stmt" />
            <line complexity="1" visibility="public" signature="raw() : int" num="28" count="200082" type="method" />
            <line num="28" count="200082" type="stmt" />
         </file>
      </package>
      <package name="com.fasterxml.uuid.ext">
         <metrics coveredelements="0" complexity="45" loc="518" methods="13" classes="2" statements="132" coveredconditionals="0" coveredmethods="0" elements="195" ncloc="266" files="2" conditionals="50" coveredstatements="0" />
         <file path="/Users/seyoung/java-uuid-generator/src/main/java/com/fasterxml/uuid/ext/FileBasedTimestampSynchronizer.java" name="FileBasedTimestampSynchronizer.java">
            <metrics coveredelements="0" coveredconditionals="0" complexity="16" loc="236" coveredmethods="0" methods="8" elements="62" classes="1" ncloc="98" statements="38" conditionals="16" coveredstatements="0" />
            <class name="FileBasedTimestampSynchronizer">
               <metrics coveredelements="0" coveredconditionals="0" complexity="16" coveredmethods="0" methods="8" elements="62" statements="38" conditionals="16" coveredstatements="0" />
            </class>
            <line complexity="1" visibility="public" signature="FileBasedTimestampSynchronizer()" num="84" count="0" type="method" />
            <line num="87" count="0" type="stmt" />
            <line complexity="1" visibility="public" signature="FileBasedTimestampSynchronizer(File,File)" num="90" count="0" type="method" />
            <line num="93" count="0" type="stmt" />
            <line complexity="2" visibility="public" signature="FileBasedTimestampSynchronizer(File,File,long)" num="96" count="0" type="method" />
            <line num="99" count="0" type="stmt" />
            <line num="100" count="0" type="stmt" />
            <line num="102" count="0" type="stmt" />
            <line num="103" count="0" type="stmt" />
            <line num="104" count="0" type="stmt" />
            <line num="105" count="0" type="stmt" />
            <line num="107" count="0" type="stmt" />
            <line falsecount="0" truecount="0" num="107" type="cond" />
            <line num="108" count="0" type="stmt" />
            <line complexity="2" visibility="public" signature="setUpdateInterval(long) : void" num="121" count="0" type="method" />
            <line num="123" count="0" type="stmt" />
            <line falsecount="0" truecount="0" num="123" type="cond" />
            <line num="124" count="0" type="stmt" />
            <line num="126" count="0" type="stmt" />
            <line complexity="4" visibility="protected" signature="initialize() : long" num="146" count="0" type="method" />
            <line num="149" count="0" type="stmt" />
            <line num="150" count="0" type="stmt" />
            <line num="151" count="0" type="stmt" />
            <line num="153" count="0" type="stmt" />
            <line falsecount="0" truecount="0" num="153" type="cond" />
            <line num="154" count="0" type="stmt" />
            <line num="155" count="0" type="stmt" />
            <line num="157" count="0" type="stmt" />
            <line num="158" count="0" type="stmt" />
            <line num="164" count="0" type="stmt" />
            <line falsecount="0" truecount="0" num="164" type="cond" />
            <line num="165" count="0" type="stmt" />
            <line num="167" count="0" type="stmt" />
            <line num="174" count="0" type="stmt" />
            <line falsecount="0" truecount="0" num="174" type="cond" />
            <line num="175" count="0" type="stmt" />
            <line num="183" count="0" type="stmt" />
            <line complexity="1" visibility="public" signature="deactivate() : void" num="186" count="0" type="method" />
            <line num="189" count="0" type="stmt" />
            <line complexity="2" visibility="public" signature="update(long) : long" num="198" count="0" type="method" />
            <line num="202" count="0" type="stmt" />
            <line num="210" count="0" type="stmt" />
            <line falsecount="0" truecount="0" num="210" type="cond" />
            <line num="211" count="0" type="stmt" />
            <line num="213" count="0" type="stmt" />
            <line num="216" count="0" type="stmt" />
            <line num="218" count="0" type="stmt" />
            <line complexity="3" visibility="protected" signature="doDeactivate(LockedFile,LockedFile) : void" num="227" count="0" type="method" />
            <line num="229" count="0" type="stmt" />
            <line falsecount="0" truecount="0" num="229" type="cond" />
            <line num="230" count="0" type="stmt" />
            <line num="232" count="0" type="stmt" />
            <line falsecount="0" truecount="0" num="232" type="cond" />
            <line num="233" count="0" type="stmt" />
         </file>
         <file path="/Users/seyoung/java-uuid-generator/src/main/java/com/fasterxml/uuid/ext/LockedFile.java" name="LockedFile.java">
            <metrics coveredelements="0" coveredconditionals="0" complexity="29" loc="282" coveredmethods="0" methods="5" elements="133" classes="1" ncloc="168" statements="94" conditionals="34" coveredstatements="0" />
            <class name="LockedFile">
               <metrics coveredelements="0" coveredconditionals="0" complexity="29" coveredmethods="0" methods="5" elements="133" statements="94" conditionals="34" coveredstatements="0" />
            </class>
            <line complexity="4" visibility="package" signature="LockedFile(File)" num="84" count="0" type="method" />
            <line num="87" count="0" type="stmt" />
            <line num="89" count="0" type="stmt" />
            <line num="90" count="0" type="stmt" />
            <line num="91" count="0" type="stmt" />
            <line num="92" count="0" type="stmt" />
            <line num="94" count="0" type="stmt" />
            <line num="95" count="0" type="stmt" />
            <line num="98" count="0" type="stmt" />
            <line num="99" count="0" type="stmt" />
            <line falsecount="0" truecount="0" num="99" type="cond" />
            <line num="100" count="0" type="stmt" />
            <line num="102" count="0" type="stmt" />
            <line num="103" count="0" type="stmt" />
            <line falsecount="0" truecount="0" num="103" type="cond" />
            <line num="104" count="0" type="stmt" />
            <line num="106" count="0" type="stmt" />
            <line num="108" count="0" type="stmt" />
            <line falsecount="0" truecount="0" num="108" type="cond" />
            <line num="109" count="0" type="stmt" />
            <line num="113" count="0" type="stmt" />
            <line num="114" count="0" type="stmt" />
            <line num="115" count="0" type="stmt" />
            <line complexity="1" visibility="public" signature="deactivate() : void" num="118" count="0" type="method" />
            <line num="120" count="0" type="stmt" />
            <line num="121" count="0" type="stmt" />
            <line num="122" count="0" type="stmt" />
            <line num="123" count="0" type="stmt" />
            <line num="124" count="0" type="stmt" />
            <line complexity="13" visibility="public" signature="readStamp() : long" num="127" count="0" type="method" />
            <line num="129" count="0" type="stmt" />
            <line num="131" count="0" type="stmt" />
            <line num="132" count="0" type="stmt" />
            <line num="134" count="0" type="stmt" />
            <line num="135" count="0" type="stmt" />
            <line num="138" count="0" type="stmt" />
            <line num="141" count="0" type="stmt" />
            <line falsecount="0" truecount="0" num="141" type="cond" />
            <line num="142" count="0" type="stmt" />
            <line num="143" count="0" type="stmt" />
            <line num="147" count="0" type="stmt" />
            <line falsecount="0" truecount="0" num="147" type="cond" />
            <line num="148" count="0" type="stmt" />
            <line num="150" count="0" type="stmt" />
            <line num="151" count="0" type="stmt" />
            <line num="152" count="0" type="stmt" />
            <line num="154" count="0" type="stmt" />
            <line num="155" count="0" type="stmt" />
            <line num="162" count="0" type="stmt" />
            <line num="163" count="0" type="stmt" />
            <line falsecount="0" truecount="0" num="163" type="cond" />
            <line num="164" count="0" type="stmt" />
            <line num="166" count="0" type="stmt" />
            <line num="168" count="0" type="stmt" />
            <line num="170" count="0" type="stmt" />
            <line num="171" count="0" type="stmt" />
            <line num="173" count="0" type="stmt" />
            <line falsecount="0" truecount="0" num="173" type="cond" />
            <line num="176" count="0" type="stmt" />
            <line num="178" count="0" type="stmt" />
            <line num="179" count="0" type="stmt" />
            <line falsecount="0" truecount="0" num="179" type="cond" />
            <line num="180" count="0" type="stmt" />
            <line num="182" count="0" type="stmt" />
            <line num="183" count="0" type="stmt" />
            <line falsecount="0" truecount="0" num="183" type="cond" />
            <line num="184" count="0" type="stmt" />
            <line num="186" count="0" type="stmt" />
            <line num="187" count="0" type="stmt" />
            <line num="189" count="0" type="stmt" />
            <line num="197" count="0" type="stmt" />
            <line falsecount="0" truecount="0" num="197" type="cond" />
            <line num="198" count="0" type="stmt" />
            <line num="199" count="0" type="stmt" />
            <line num="202" count="0" type="stmt" />
            <line num="203" count="0" type="stmt" />
            <line complexity="6" visibility="public" signature="writeStamp(long) : void" num="208" count="0" type="method" />
            <line num="212" count="0" type="stmt" />
            <line falsecount="0" truecount="0" num="212" type="cond" />
            <line num="216" count="0" type="stmt" />
            <line falsecount="0" truecount="0" num="216" type="cond" />
            <line num="217" count="0" type="stmt" />
            <line num="218" count="0" type="stmt" />
            <line num="220" count="0" type="stmt" />
            <line num="226" count="0" type="stmt" />
            <line falsecount="0" truecount="0" num="226" type="cond" />
            <line num="227" count="0" type="stmt" />
            <line num="228" count="0" type="stmt" />
            <line num="229" count="0" type="stmt" />
            <line num="230" count="0" type="stmt" />
            <line num="231" count="0" type="stmt" />
            <line num="232" count="0" type="stmt" />
            <line num="233" count="0" type="stmt" />
            <line num="237" count="0" type="stmt" />
            <line falsecount="0" truecount="0" num="237" type="cond" />
            <line num="238" count="0" type="stmt" />
            <line num="239" count="0" type="stmt" />
            <line num="240" count="0" type="stmt" />
            <line num="243" count="0" type="stmt" />
            <line num="244" count="0" type="stmt" />
            <line num="245" count="0" type="stmt" />
            <line falsecount="0" truecount="0" num="245" type="cond" />
            <line num="246" count="0" type="stmt" />
            <line num="247" count="0" type="stmt" />
            <line num="251" count="0" type="stmt" />
            <line complexity="5" visibility="protected" signature="doDeactivate(File,RandomAccessFile,FileLock) : void" num="262" count="0" type="method" />
            <line num="265" count="0" type="stmt" />
            <line falsecount="0" truecount="0" num="265" type="cond" />
            <line num="266" count="0" type="stmt" />
            <line num="267" count="0" type="stmt" />
            <line num="269" count="0" type="stmt" />
            <line num="272" count="0" type="stmt" />
            <line falsecount="0" truecount="0" num="272" type="cond" />
            <line num="273" count="0" type="stmt" />
            <line num="274" count="0" type="stmt" />
            <line num="276" count="0" type="stmt" />
         </file>
      </package>
      <package name="com.fasterxml.uuid.impl">
         <metrics coveredelements="222" complexity="74" loc="709" methods="33" classes="6" statements="181" coveredconditionals="37" coveredmethods="25" elements="262" ncloc="362" files="5" conditionals="48" coveredstatements="160" />
         <file path="/Users/seyoung/java-uuid-generator/src/main/java/com/fasterxml/uuid/impl/GeneratorImplBase.java" name="GeneratorImplBase.java">
            <metrics coveredelements="0" coveredconditionals="0" complexity="0" loc="8" coveredmethods="0" methods="0" elements="0" classes="1" ncloc="4" statements="0" conditionals="0" coveredstatements="0" />
            <class name="GeneratorImplBase">
               <metrics coveredelements="0" coveredconditionals="0" complexity="0" coveredmethods="0" methods="0" elements="0" statements="0" conditionals="0" coveredstatements="0" />
            </class>
         </file>
         <file path="/Users/seyoung/java-uuid-generator/src/main/java/com/fasterxml/uuid/impl/NameBasedGenerator.java" name="NameBasedGenerator.java">
            <metrics coveredelements="27" coveredconditionals="5" complexity="11" loc="144" coveredmethods="4" methods="6" elements="40" classes="1" ncloc="64" statements="24" conditionals="10" coveredstatements="18" />
            <class name="NameBasedGenerator">
               <metrics coveredelements="27" coveredconditionals="5" complexity="11" coveredmethods="4" methods="6" elements="40" statements="24" conditionals="10" coveredstatements="18" />
            </class>
            <line complexity="1" visibility="package" signature="&lt;clinit&gt;, line 28()" num="28" count="1" type="method" />
            <line num="29" count="1" type="stmt" />
            <line complexity="5" visibility="public" signature="NameBasedGenerator(UUID,MessageDigest,UUIDType)" num="83" count="4" type="method" />
            <line num="85" count="4" type="stmt" />
            <line num="87" count="4" type="stmt" />
            <line falsecount="4" truecount="0" num="87" type="cond" />
            <line num="90" count="4" type="stmt" />
            <line falsecount="3" truecount="1" num="90" type="cond" />
            <line num="91" count="1" type="stmt" />
            <line num="92" count="1" type="stmt" />
            <line falsecount="0" truecount="1" num="92" type="cond" />
            <line num="93" count="1" type="stmt" />
            <line num="94" count="0" type="stmt" />
            <line falsecount="0" truecount="0" num="94" type="cond" />
            <line num="95" count="0" type="stmt" />
            <line num="98" count="0" type="stmt" />
            <line num="99" count="0" type="stmt" />
            <line num="102" count="4" type="stmt" />
            <line num="103" count="4" type="stmt" />
            <line complexity="1" visibility="public" signature="getType() : UUIDType" num="112" count="0" type="method" />
            <line num="113" count="0" type="stmt" />
            <line complexity="1" visibility="public" signature="getNamespace() : UUID" num="115" count="0" type="method" />
            <line num="115" count="0" type="stmt" />
            <line complexity="1" visibility="public" signature="generate(String) : UUID" num="123" count="80000" type="method" />
            <line num="127" count="80000" type="stmt" />
            <line complexity="2" visibility="public" signature="generate(byte[]) : UUID" num="130" count="80000" type="method" />
            <line num="133" count="80000" type="stmt" />
            <line num="134" count="80000" type="stmt" />
            <line num="135" count="80000" type="stmt" />
            <line num="136" count="80000" type="stmt" />
            <line falsecount="0" truecount="80000" num="136" type="cond" />
            <line num="137" count="80000" type="stmt" />
            <line num="139" count="80000" type="stmt" />
            <line num="140" count="80000" type="stmt" />
            <line num="142" count="80000" type="stmt" />
         </file>
         <file path="/Users/seyoung/java-uuid-generator/src/main/java/com/fasterxml/uuid/impl/RandomBasedGenerator.java" name="RandomBasedGenerator.java">
            <metrics coveredelements="24" coveredconditionals="2" complexity="8" loc="137" coveredmethods="5" methods="6" elements="31" classes="2" ncloc="60" statements="21" conditionals="4" coveredstatements="17" />
            <class name="RandomBasedGenerator">
               <metrics coveredelements="22" coveredconditionals="2" complexity="7" coveredmethods="4" methods="5" elements="29" statements="20" conditionals="4" coveredstatements="16" />
            </class>
            <class name="RandomBasedGenerator.LazyRandom">
               <metrics coveredelements="2" coveredconditionals="0" complexity="1" coveredmethods="1" methods="1" elements="2" statements="1" conditionals="0" coveredstatements="1" />
            </class>
            <line complexity="2" visibility="public" signature="RandomBasedGenerator(Random)" num="50" count="3" type="method" />
            <line num="52" count="3" type="stmt" />
            <line falsecount="0" truecount="3" num="52" type="cond" />
            <line num="53" count="3" type="stmt" />
            <line num="54" count="3" type="stmt" />
            <line num="56" count="0" type="stmt" />
            <line num="58" count="3" type="stmt" />
            <line complexity="1" visibility="public" signature="getType() : UUIDType" num="67" count="0" type="method" />
            <line num="68" count="0" type="stmt" />
            <line complexity="2" visibility="public" signature="generate() : UUID" num="76" count="10002" type="method" />
            <line num="82" count="10002" type="stmt" />
            <line num="84" count="10002" type="stmt" />
            <line falsecount="0" truecount="10002" num="84" type="cond" />
            <line num="85" count="10002" type="stmt" />
            <line num="86" count="10002" type="stmt" />
            <line num="87" count="10002" type="stmt" />
            <line num="88" count="10002" type="stmt" />
            <line num="90" count="0" type="stmt" />
            <line num="91" count="0" type="stmt" />
            <line num="93" count="10002" type="stmt" />
            <line complexity="1" visibility="private" signature="_toLong(byte[],int) : long" num="102" count="20004" type="method" />
            <line num="104" count="20004" type="stmt" />
            <line num="105" count="20004" type="stmt" />
            <line num="106" count="20004" type="stmt" />
            <line num="107" count="20004" type="stmt" />
            <line complexity="1" visibility="private" signature="_toInt(byte[],int) : long" num="110" count="40008" type="method" />
            <line num="112" count="40008" type="stmt" />
            <line complexity="1" visibility="public" signature="sharedSecureRandom() : SecureRandom" num="133" count="3" type="method" />
            <line num="134" count="3" type="stmt" />
         </file>
         <file path="/Users/seyoung/java-uuid-generator/src/main/java/com/fasterxml/uuid/impl/TimeBasedGenerator.java" name="TimeBasedGenerator.java">
            <metrics coveredelements="25" coveredconditionals="2" complexity="5" loc="112" coveredmethods="2" methods="4" elements="29" classes="1" ncloc="41" statements="23" conditionals="2" coveredstatements="21" />
            <class name="TimeBasedGenerator">
               <metrics coveredelements="25" coveredconditionals="2" complexity="5" coveredmethods="2" methods="4" elements="29" statements="23" conditionals="2" coveredstatements="21" />
            </class>
            <line complexity="2" visibility="public" signature="TimeBasedGenerator(EthernetAddress,UUIDTimer)" num="54" count="2" type="method" />
            <line num="56" count="2" type="stmt" />
            <line num="57" count="2" type="stmt" />
            <line falsecount="1" truecount="1" num="57" type="cond" />
            <line num="58" count="1" type="stmt" />
            <line num="61" count="2" type="stmt" />
            <line num="62" count="2" type="stmt" />
            <line num="64" count="2" type="stmt" />
            <line num="65" count="2" type="stmt" />
            <line num="66" count="2" type="stmt" />
            <line num="67" count="2" type="stmt" />
            <line num="68" count="2" type="stmt" />
            <line num="69" count="2" type="stmt" />
            <line complexity="1" visibility="public" signature="getType() : UUIDType" num="78" count="0" type="method" />
            <line num="79" count="0" type="stmt" />
            <line complexity="1" visibility="public" signature="getEthernetAddress() : EthernetAddress" num="81" count="0" type="method" />
            <line num="81" count="0" type="stmt" />
            <line complexity="1" visibility="public" signature="generate() : UUID" num="93" count="20000" type="method" />
            <line num="96" count="20000" type="stmt" />
            <line num="98" count="20000" type="stmt" />
            <line num="99" count="20000" type="stmt" />
            <line num="101" count="20000" type="stmt" />
            <line num="103" count="20000" type="stmt" />
            <line num="104" count="20000" type="stmt" />
            <line num="105" count="20000" type="stmt" />
            <line num="106" count="20000" type="stmt" />
            <line num="108" count="20000" type="stmt" />
            <line num="110" count="20000" type="stmt" />
         </file>
         <file path="/Users/seyoung/java-uuid-generator/src/main/java/com/fasterxml/uuid/impl/UUIDUtil.java" name="UUIDUtil.java">
            <metrics coveredelements="146" coveredconditionals="28" complexity="50" loc="308" coveredmethods="14" methods="17" elements="162" classes="1" ncloc="193" statements="113" conditionals="32" coveredstatements="104" />
            <class name="UUIDUtil">
               <metrics coveredelements="146" coveredconditionals="28" complexity="50" coveredmethods="14" methods="17" elements="162" statements="113" conditionals="32" coveredstatements="104" />
            </class>
            <line complexity="1" visibility="public" signature="UUIDUtil()" num="28" count="0" type="method" />
            <line complexity="22" visibility="public" signature="uuid(String) : UUID" num="45" count="47" type="method" />
            <line num="47" count="47" type="stmt" />
            <line falsecount="46" truecount="1" num="47" type="cond" />
            <line num="48" count="1" type="stmt" />
            <line num="50" count="46" type="stmt" />
            <line falsecount="46" truecount="0" num="50" type="cond" />
            <line num="51" count="0" type="stmt" />
            <line num="54" count="46" type="stmt" />
            <line num="55" count="46" type="stmt" />
            <line num="57" count="46" type="stmt" />
            <line falsecount="30" truecount="566" num="57" type="cond" />
            <line num="60" count="566" type="stmt" />
            <line num="61" count="40" type="stmt" />
            <line num="62" count="36" type="stmt" />
            <line num="63" count="34" type="stmt" />
            <line num="64" count="32" type="stmt" />
            <line num="65" count="142" type="stmt" />
            <line falsecount="132" truecount="10" num="65" type="cond" />
            <line num="66" count="10" type="stmt" />
            <line num="68" count="132" type="stmt" />
            <line num="70" count="556" type="stmt" />
            <line num="71" count="556" type="stmt" />
            <line num="73" count="556" type="stmt" />
            <line falsecount="197" truecount="359" num="73" type="cond" />
            <line num="74" count="359" type="stmt" />
            <line num="75" count="197" type="stmt" />
            <line falsecount="39" truecount="158" num="75" type="cond" />
            <line num="76" count="158" type="stmt" />
            <line num="77" count="39" type="stmt" />
            <line falsecount="6" truecount="33" num="77" type="cond" />
            <line num="78" count="33" type="stmt" />
            <line num="80" count="6" type="stmt" />
            <line num="83" count="550" type="stmt" />
            <line num="85" count="550" type="stmt" />
            <line num="87" count="550" type="stmt" />
            <line falsecount="170" truecount="380" num="87" type="cond" />
            <line num="88" count="380" type="stmt" />
            <line num="89" count="170" type="stmt" />
            <line falsecount="70" truecount="100" num="89" type="cond" />
            <line num="90" count="100" type="stmt" />
            <line num="91" count="70" type="stmt" />
            <line falsecount="0" truecount="70" num="91" type="cond" />
            <line num="92" count="70" type="stmt" />
            <line num="94" count="0" type="stmt" />
            <line num="97" count="550" type="stmt" />
            <line falsecount="244" truecount="306" num="97" type="cond" />
            <line num="98" count="306" type="stmt" />
            <line num="100" count="244" type="stmt" />
            <line num="102" count="550" type="stmt" />
            <line num="104" count="30" type="stmt" />
            <line complexity="1" visibility="public" signature="uuid(byte[]) : UUID" num="113" count="80017" type="method" />
            <line num="115" count="80017" type="stmt" />
            <line num="116" count="80016" type="stmt" />
            <line num="117" count="80016" type="stmt" />
            <line num="118" count="80016" type="stmt" />
            <line complexity="1" visibility="public" signature="uuid(byte[],int) : UUID" num="130" count="1" type="method" />
            <line num="132" count="1" type="stmt" />
            <line num="133" count="1" type="stmt" />
            <line complexity="1" visibility="public" signature="constructUUID(UUIDType,byte[]) : UUID" num="139" count="80000" type="method" />
            <line num="142" count="80000" type="stmt" />
            <line num="143" count="80000" type="stmt" />
            <line num="144" count="80000" type="stmt" />
            <line num="146" count="80000" type="stmt" />
            <line num="147" count="80000" type="stmt" />
            <line num="148" count="80000" type="stmt" />
            <line num="149" count="80000" type="stmt" />
            <line complexity="1" visibility="public" signature="constructUUID(UUIDType,long,long) : UUID" num="152" count="10002" type="method" />
            <line num="155" count="10002" type="stmt" />
            <line num="156" count="10002" type="stmt" />
            <line num="158" count="10002" type="stmt" />
            <line num="159" count="10002" type="stmt" />
            <line num="160" count="10002" type="stmt" />
            <line complexity="1" visibility="public" signature="initUUIDFirstLong(long,UUIDType) : long" num="163" count="0" type="method" />
            <line num="165" count="0" type="stmt" />
            <line complexity="1" visibility="public" signature="initUUIDFirstLong(long,int) : long" num="168" count="0" type="method" />
            <line num="170" count="0" type="stmt" />
            <line num="171" count="0" type="stmt" />
            <line num="172" count="0" type="stmt" />
            <line complexity="1" visibility="public" signature="initUUIDSecondLong(long) : long" num="175" count="2" type="method" />
            <line num="177" count="2" type="stmt" />
            <line num="178" count="2" type="stmt" />
            <line num="179" count="2" type="stmt" />
            <line complexity="10" visibility="public" signature="typeOf(UUID) : UUIDType" num="197" count="220006" type="method" />
            <line num="199" count="220006" type="stmt" />
            <line falsecount="220006" truecount="0" num="199" type="cond" />
            <line num="200" count="0" type="stmt" />
            <line num="203" count="220006" type="stmt" />
            <line num="204" count="220006" type="stmt" />
            <line num="205" count="220006" type="stmt" />
            <line num="206" count="2" type="stmt" />
            <line num="208" count="2" type="stmt" />
            <line falsecount="0" truecount="2" num="208" type="cond" />
            <line num="209" count="2" type="stmt" />
            <line num="211" count="0" type="stmt" />
            <line num="212" count="40001" type="stmt" />
            <line num="213" count="40001" type="stmt" />
            <line num="214" count="1" type="stmt" />
            <line num="215" count="1" type="stmt" />
            <line num="216" count="80001" type="stmt" />
            <line num="217" count="80001" type="stmt" />
            <line num="218" count="20001" type="stmt" />
            <line num="219" count="20001" type="stmt" />
            <line num="220" count="80000" type="stmt" />
            <line num="221" count="80000" type="stmt" />
            <line num="224" count="0" type="stmt" />
            <line complexity="1" visibility="public" signature="asByteArray(UUID) : byte[]" num="233" count="210027" type="method" />
            <line num="235" count="210027" type="stmt" />
            <line num="236" count="210027" type="stmt" />
            <line num="237" count="210027" type="stmt" />
            <line num="238" count="210027" type="stmt" />
            <line num="239" count="210027" type="stmt" />
            <line num="240" count="210027" type="stmt" />
            <line num="241" count="210027" type="stmt" />
            <line num="242" count="210027" type="stmt" />
            <line complexity="1" visibility="public" signature="toByteArray(UUID,byte[]) : void" num="245" count="7" type="method" />
            <line num="246" count="7" type="stmt" />
            <line complexity="1" visibility="public" signature="toByteArray(UUID,byte[],int) : void" num="249" count="16" type="method" />
            <line num="251" count="16" type="stmt" />
            <line num="252" count="10" type="stmt" />
            <line num="253" count="10" type="stmt" />
            <line num="254" count="10" type="stmt" />
            <line num="255" count="10" type="stmt" />
            <line num="256" count="10" type="stmt" />
            <line num="257" count="10" type="stmt" />
            <line complexity="1" visibility="protected" signature="gatherLong(byte[],int) : long" num="268" count="160036" type="method" />
            <line num="270" count="160036" type="stmt" />
            <line num="272" count="160036" type="stmt" />
            <line num="273" count="160036" type="stmt" />
            <line complexity="1" visibility="private" signature="_appendInt(int,byte[],int) : void" num="282" count="840148" type="method" />
            <line num="284" count="840148" type="stmt" />
            <line num="285" count="840148" type="stmt" />
            <line num="286" count="840148" type="stmt" />
            <line num="287" count="840148" type="stmt" />
            <line complexity="1" visibility="private" signature="_gatherInt(byte[],int) : int" num="290" count="320072" type="method" />
            <line num="292" count="320072" type="stmt" />
            <line complexity="4" visibility="private" signature="_checkUUIDByteArray(byte[],int) : void" num="296" count="80034" type="method" />
            <line num="298" count="80034" type="stmt" />
            <line falsecount="80033" truecount="1" num="298" type="cond" />
            <line num="299" count="1" type="stmt" />
            <line num="301" count="80033" type="stmt" />
            <line falsecount="80032" truecount="1" num="301" type="cond" />
            <line num="302" count="1" type="stmt" />
            <line num="304" count="80032" type="stmt" />
            <line falsecount="80027" truecount="5" num="304" type="cond" />
            <line num="305" count="5" type="stmt" />
         </file>
      </package>
      <package name="perf">
         <metrics coveredelements="0" complexity="27" loc="183" methods="8" classes="1" statements="69" coveredconditionals="0" coveredmethods="0" elements="99" ncloc="118" files="1" conditionals="22" coveredstatements="0" />
         <file path="/Users/seyoung/java-uuid-generator/src/main/java/perf/MeasurePerformance.java" name="MeasurePerformance.java">
            <metrics coveredelements="0" coveredconditionals="0" complexity="27" loc="183" coveredmethods="0" methods="8" elements="99" classes="1" ncloc="118" statements="69" conditionals="22" coveredstatements="0" />
            <class name="MeasurePerformance">
               <metrics coveredelements="0" coveredconditionals="0" complexity="27" coveredmethods="0" methods="8" elements="99" statements="69" conditionals="22" coveredstatements="0" />
            </class>
            <line complexity="1" visibility="public" signature="MeasurePerformance()" num="31" count="0" type="method" />
            <line num="33" count="0" type="stmt" />
            <line complexity="10" visibility="public" signature="test() : void" num="36" count="0" type="method" />
            <line num="38" count="0" type="stmt" />
            <line num="40" count="0" type="stmt" />
            <line num="43" count="0" type="stmt" />
            <line num="47" count="0" type="stmt" />
            <line num="49" count="0" type="stmt" />
            <line num="50" count="0" type="stmt" />
            <line num="51" count="0" type="stmt" />
            <line num="52" count="0" type="stmt" />
            <line num="54" count="0" type="stmt" />
            <line num="56" count="0" type="stmt" />
            <line num="57" count="0" type="stmt" />
            <line num="57" count="0" type="stmt" />
            <line num="58" count="0" type="stmt" />
            <line num="60" count="0" type="stmt" />
            <line num="61" count="0" type="stmt" />
            <line num="62" count="0" type="stmt" />
[...]
            <line num="538" count="1" type="stmt" />
            <line num="541" count="1" type="stmt" />
            <line num="546" count="1" type="stmt" />
            <line num="547" count="1" type="stmt" />
            <line num="550" count="1" type="stmt" />
            <line num="552" count="1" type="stmt" />
            <line num="555" count="1" type="stmt" />
            <line num="556" count="1" type="stmt" />
            <line num="558" count="1" type="stmt" />
            <line num="560" count="1" type="stmt" />
            <line complexity="9" visibility="public" signature="testToByteArrayDest() : void" num="567" testsuccess="true" count="1" testduration="0.003" type="method" />
            <line num="570" count="1" type="stmt" />
            <line num="574" count="1" type="stmt" />
            <line num="576" count="1" type="stmt" />
            <line num="577" count="1" type="stmt" />
            <line num="580" count="0" type="stmt" />
            <line num="588" count="0" type="stmt" />
            <line num="592" count="1" type="stmt" />
            <line num="594" count="1" type="stmt" />
            <line num="595" count="1" type="stmt" />
            <line num="596" count="1" type="stmt" />
            <line num="599" count="0" type="stmt" />
            <line num="607" count="0" type="stmt" />
            <line num="614" count="1" type="stmt" />
            <line num="615" count="1" type="stmt" />
            <line num="616" count="1" type="stmt" />
            <line num="617" count="1" type="stmt" />
            <line num="621" count="1" type="stmt" />
            <line num="622" count="1" type="stmt" />
            <line num="623" count="1" type="stmt" />
            <line num="627" count="1" type="stmt" />
            <line num="628" count="1" type="stmt" />
            <line num="629" count="1" type="stmt" />
            <line num="630" count="1" type="stmt" />
            <line num="631" count="1" type="stmt" />
            <line falsecount="1" truecount="16" num="631" type="cond" />
            <line num="633" count="16" type="stmt" />
            <line num="637" count="1" type="stmt" />
            <line falsecount="1" truecount="9" num="637" type="cond" />
            <line num="639" count="9" type="stmt" />
            <line num="645" count="1" type="stmt" />
            <line num="646" count="1" type="stmt" />
            <line num="647" count="1" type="stmt" />
            <line num="648" count="1" type="stmt" />
            <line num="649" count="1" type="stmt" />
            <line falsecount="1" truecount="16" num="649" type="cond" />
            <line num="651" count="16" type="stmt" />
            <line num="655" count="1" type="stmt" />
            <line falsecount="1" truecount="9" num="655" type="cond" />
            <line num="657" count="9" type="stmt" />
            <line complexity="17" visibility="public" signature="testToByteArrayDestOffset() : void" num="667" testsuccess="true" count="1" testduration="0.0" type="method" />
            <line num="670" count="1" type="stmt" />
            <line num="673" count="1" type="stmt" />
            <line num="675" count="1" type="stmt" />
            <line num="676" count="1" type="stmt" />
            <line num="677" count="1" type="stmt" />
            <line num="680" count="0" type="stmt" />
            <line num="684" count="0" type="stmt" />
            <line num="688" count="1" type="stmt" />
            <line num="689" count="1" type="stmt" />
            <line num="690" count="1" type="stmt" />
            <line num="691" count="1" type="stmt" />
            <line num="694" count="0" type="stmt" />
            <line num="698" count="0" type="stmt" />
            <line num="702" count="1" type="stmt" />
            <line num="703" count="1" type="stmt" />
            <line num="704" count="1" type="stmt" />
            <line num="705" count="1" type="stmt" />
            <line num="708" count="0" type="stmt" />
            <line num="712" count="0" type="stmt" />
            <line num="717" count="1" type="stmt" />
            <line num="718" count="1" type="stmt" />
            <line num="719" count="1" type="stmt" />
            <line num="720" count="1" type="stmt" />
            <line num="723" count="0" type="stmt" />
            <line num="727" count="0" type="stmt" />
            <line num="734" count="1" type="stmt" />
            <line num="735" count="1" type="stmt" />
            <line num="736" count="1" type="stmt" />
            <line num="737" count="1" type="stmt" />
            <line num="741" count="1" type="stmt" />
            <line num="742" count="1" type="stmt" />
            <line num="743" count="1" type="stmt" />
            <line num="747" count="1" type="stmt" />
            <line num="748" count="1" type="stmt" />
            <line num="749" count="1" type="stmt" />
            <line num="750" count="1" type="stmt" />
            <line num="751" count="1" type="stmt" />
            <line falsecount="1" truecount="16" num="751" type="cond" />
            <line num="752" count="16" type="stmt" />
            <line num="756" count="1" type="stmt" />
            <line falsecount="1" truecount="9" num="756" type="cond" />
            <line num="757" count="9" type="stmt" />
            <line num="763" count="1" type="stmt" />
            <line num="764" count="1" type="stmt" />
            <line num="765" count="1" type="stmt" />
            <line num="766" count="1" type="stmt" />
            <line num="768" count="1" type="stmt" />
            <line falsecount="1" truecount="16" num="768" type="cond" />
            <line num="769" count="16" type="stmt" />
            <line num="774" count="1" type="stmt" />
            <line falsecount="1" truecount="4" num="774" type="cond" />
            <line num="775" count="4" type="stmt" />
            <line num="778" count="4" type="stmt" />
            <line num="784" count="1" type="stmt" />
            <line num="785" count="1" type="stmt" />
            <line num="786" count="1" type="stmt" />
            <line num="787" count="1" type="stmt" />
            <line num="788" count="1" type="stmt" />
            <line falsecount="1" truecount="16" num="788" type="cond" />
            <line num="789" count="16" type="stmt" />
            <line num="793" count="1" type="stmt" />
            <line falsecount="1" truecount="9" num="793" type="cond" />
            <line num="794" count="9" type="stmt" />
            <line num="801" count="1" type="stmt" />
            <line num="802" count="1" type="stmt" />
            <line num="803" count="1" type="stmt" />
            <line num="804" count="1" type="stmt" />
            <line num="806" count="1" type="stmt" />
            <line falsecount="1" truecount="16" num="806" type="cond" />
            <line num="807" count="16" type="stmt" />
            <line num="812" count="1" type="stmt" />
            <line falsecount="1" truecount="4" num="812" type="cond" />
            <line num="813" count="4" type="stmt" />
            <line num="816" count="4" type="stmt" />
            <line complexity="1" visibility="public" signature="testToString() : void" num="825" testsuccess="true" count="1" testduration="0.0" type="method" />
            <line num="831" count="1" type="stmt" />
            <line num="832" count="1" type="stmt" />
            <line num="837" count="1" type="stmt" />
            <line num="838" count="1" type="stmt" />
            <line num="847" count="1" type="stmt" />
            <line num="848" count="1" type="stmt" />
            <line num="851" count="1" type="stmt" />
            <line complexity="1" visibility="public" signature="testValueOfString() : void" num="861" testsuccess="true" count="1" testduration="0.0" type="method" />
            <line num="864" count="1" type="stmt" />
            <line num="865" count="1" type="stmt" />
            <line num="866" count="1" type="stmt" />
            <line num="867" count="1" type="stmt" />
            <line num="868" count="1" type="stmt" />
            <line num="869" count="1" type="stmt" />
            <line num="870" count="1" type="stmt" />
            <line num="871" count="1" type="stmt" />
            <line num="874" count="1" type="stmt" />
            <line num="875" count="1" type="stmt" />
            <line num="876" count="1" type="stmt" />
            <line num="877" count="1" type="stmt" />
            <line complexity="3" visibility="private" signature="badStringUUIDConstructorHelper(String) : void" num="883" count="8" type="method" />
            <line num="885" count="8" type="stmt" />
            <line num="887" count="8" type="stmt" />
            <line num="889" count="0" type="stmt" />
            <line num="897" count="0" type="stmt" />
            <line complexity="2" visibility="private" signature="goodStringUUIDConstructorHelper(String) : void" num="901" count="4" type="method" />
            <line num="903" count="4" type="stmt" />
            <line num="904" count="4" type="stmt" />
            <line num="906" count="4" type="stmt" />
            <line num="910" count="0" type="stmt" />
            <line num="913" count="4" type="stmt" />
            <line complexity="3" visibility="private" signature="badStringValueOfHelper(String) : void" num="918" count="8" type="method" />
            <line num="920" count="8" type="stmt" />
            <line num="922" count="8" type="stmt" />
            <line num="924" count="0" type="stmt" />
            <line num="932" count="0" type="stmt" />
            <line complexity="2" visibility="private" signature="goodStringValueOfHelper(String) : void" num="936" count="4" type="method" />
            <line num="938" count="4" type="stmt" />
            <line num="939" count="4" type="stmt" />
            <line num="941" count="4" type="stmt" />
            <line num="945" count="0" type="stmt" />
            <line num="948" count="4" type="stmt" />
            <line complexity="1" visibility="private" signature="assertUUIDsMatchHelper(UUID,UUID) : void" num="953" count="25" type="method" />
            <line num="957" count="25" type="stmt" />
            <line num="961" count="25" type="stmt" />
            <line complexity="1" visibility="private" signature="assertUUIDEqualOrderHelper(UUID,UUID) : void" num="966" count="2" type="method" />
            <line num="968" count="2" type="stmt" />
            <line num="970" count="2" type="stmt" />
            <line complexity="1" visibility="private" signature="assertUUIDGreaterOrderHelper(UUID,UUID) : void" num="974" count="4" type="method" />
            <line num="976" count="4" type="stmt" />
            <line num="977" count="4" type="stmt" />
            <line num="978" count="4" type="stmt" />
            <line num="979" count="4" type="stmt" />
         </file>
         <file path="/Users/seyoung/java-uuid-generator/src/test/java/com/fasterxml/uuid/UUIDTimerTest.java" name="UUIDTimerTest.java">
            <metrics coveredelements="118" coveredconditionals="18" complexity="29" loc="389" coveredmethods="14" methods="16" elements="128" classes="2" ncloc="241" statements="92" conditionals="20" coveredstatements="86" />
            <class name="UUIDTimerTest">
               <metrics coveredelements="116" complexity="27" methods="14" testruns="3" statements="90" coveredconditionals="18" coveredmethods="13" elements="124" testfailures="0" testduration="0.046" conditionals="20" coveredstatements="85" testpasses="3" />
            </class>
            <class name="UUIDTimerTest.ReverseOrderUUIDTimerLongComparator">
               <metrics coveredelements="2" coveredconditionals="0" complexity="2" coveredmethods="1" methods="2" elements="4" statements="2" conditionals="0" coveredstatements="1" />
            </class>
            <line complexity="1" visibility="public" signature="UUIDTimerTest(java.lang.String)" num="46" count="3" type="method" />
            <line num="48" count="3" type="stmt" />
            <line complexity="1" visibility="public" signature="suite() : Test" num="51" count="1" type="method" />
            <line num="53" count="1" type="stmt" />
            <line num="54" count="1" type="stmt" />
            <line complexity="1" visibility="public" signature="main(String[]) : void" num="57" count="0" type="method" />
            <line num="59" count="0" type="stmt" />
            <line complexity="2" visibility="public" signature="testSecureRandomUUIDTimerConstructor() : void" num="69" testsuccess="true" count="1" testduration="0.013" type="method" />
            <line num="72" count="1" type="stmt" />
            <line num="73" count="1" type="stmt" />
            <line num="75" count="0" type="stmt" />
            <line num="81" count="1" type="stmt" />
            <line num="82" count="1" type="stmt" />
            <line num="85" count="1" type="stmt" />
            <line num="86" count="1" type="stmt" />
            <line num="88" count="1" type="stmt" />
            <line complexity="5" visibility="public" signature="testGetTimestamp() : void" num="99" testsuccess="true" count="1" testduration="0.033" type="method" />
            <line num="102" count="1" type="stmt" />
            <line num="105" count="1" type="stmt" />
            <line num="106" count="1" type="stmt" />
            <line num="109" count="1" type="stmt" />
            <line num="111" count="1" type="stmt" />
            <line num="112" count="1" type="stmt" />
            <line num="114" count="0" type="stmt" />
            <line num="122" count="0" type="stmt" />
            <line num="126" count="1" type="stmt" />
            <line num="127" count="1" type="stmt" />
            <line num="129" count="1" type="stmt" />
            <line num="135" count="1" type="stmt" />
            <line num="136" count="1" type="stmt" />
            <line num="137" count="1" type="stmt" />
            <line num="138" count="1" type="stmt" />
            <line falsecount="1" truecount="9" num="138" type="cond" />
            <line num="140" count="9" type="stmt" />
            <line num="145" count="1" type="stmt" />
            <line num="151" count="1" type="stmt" />
            <line num="155" count="1" type="stmt" />
            <line num="158" count="1" type="stmt" />
            <line falsecount="1" truecount="10000" num="158" type="cond" />
            <line num="160" count="10000" type="stmt" />
            <line num="164" count="1" type="stmt" />
            <line num="167" count="1" type="stmt" />
            <line num="172" count="1" type="stmt" />
            <line num="175" count="1" type="stmt" />
            <line num="178" count="1" type="stmt" />
            <line num="181" count="1" type="stmt" />
            <line complexity="1" visibility="public" signature="testGetTimestampReproducible() : void" num="189" testsuccess="true" count="1" testduration="0.0" type="method" />
            <line num="191" count="1" type="stmt" />
            <line num="192" count="1" type="stmt" />
            <line num="194" count="1" type="stmt" />
            <line complexity="1" visibility="public" signature="currentTimeMillis() : long" num="195" count="1" type="method" />
            <line num="197" count="1" type="stmt" />
            <line num="200" count="1" type="stmt" />
            <line complexity="1" visibility="public" signature="currentTimeMillis() : long" num="201" count="1" type="method" />
            <line num="203" count="1" type="stmt" />
            <line num="207" count="1" type="stmt" />
            <line complexity="2" visibility="private" signature="convertArrayOfByteArraysToArrayOfLongs(byte[][]) : Long[]" num="213" count="1" type="method" />
            <line num="216" count="1" type="stmt" />
            <line num="217" count="1" type="stmt" />
            <line falsecount="1" truecount="10000" num="217" type="cond" />
            <line num="222" count="10000" type="stmt" />
            <line num="223" count="10000" type="stmt" />
            <line num="224" count="10000" type="stmt" />
            <line num="225" count="10000" type="stmt" />
            <line num="226" count="10000" type="stmt" />
            <line num="227" count="10000" type="stmt" />
            <line num="228" count="10000" type="stmt" />
            <line num="229" count="10000" type="stmt" />
            <line num="230" count="10000" type="stmt" />
            <line num="232" count="10000" type="stmt" />
            <line num="235" count="1" type="stmt" />
            <line complexity="1" visibility="public" signature="compare(Long,Long) : int" num="244" count="9999" type="method" />
            <line num="246" count="9999" type="stmt" />
            <line complexity="1" visibility="public" signature="equals(Object) : boolean" num="250" count="0" type="method" />
            <line num="253" count="0" type="stmt" />
            <line complexity="3" visibility="private" signature="checkUUIDTimerLongArrayForCorrectOrdering(Long[]) : void" num="257" count="1" type="method" />
            <line num="261" count="1" type="stmt" />
            <line num="262" count="1" type="stmt" />
            <line num="266" count="1" type="stmt" />
            <line num="268" count="1" type="stmt" />
            <line num="271" count="1" type="stmt" />
            <line num="272" count="1" type="stmt" />
            <line falsecount="1" truecount="10000" num="272" type="cond" />
            <line num="274" count="10000" type="stmt" />
            <line num="286" count="1" type="stmt" />
            <line num="287" count="1" type="stmt" />
            <line falsecount="1" truecount="10000" num="287" type="cond" />
            <line num="289" count="10000" type="stmt" />
            <line complexity="2" visibility="private" signature="checkUUIDTimerLongArrayForUniqueness(Long[]) : void" num="298" count="1" type="method" />
            <line num="304" count="1" type="stmt" />
            <line num="305" count="1" type="stmt" />
            <line falsecount="1" truecount="10000" num="305" type="cond" />
            <line num="307" count="10000" type="stmt" />
            <line num="309" count="10000" type="stmt" />
            <line complexity="2" visibility="private" signature="checkUUIDTimerLongArrayForCorrectCreationTime(Long[],long,long) : void" num="315" count="1" type="method" />
            <line num="322" count="1" type="stmt" />
            <line num="326" count="1" type="stmt" />
            <line num="329" count="1" type="stmt" />
            <line num="334" count="1" type="stmt" />
            <line falsecount="1" truecount="10000" num="334" type="cond" />
            <line num="336" count="10000" type="stmt" />
            <line num="339" count="10000" type="stmt" />
            <line num="342" count="10000" type="stmt" />
            <line num="345" count="10000" type="stmt" />
            <line num="349" count="10000" type="stmt" />
            <line complexity="2" visibility="private" signature="checkUUIDTimerLongArrayForNonNullTimes(Long[]) : void" num="356" count="1" type="method" />
            <line num="359" count="1" type="stmt" />
            <line falsecount="1" truecount="10000" num="359" type="cond" />
            <line num="361" count="10000" type="stmt" />
            <line complexity="3" visibility="private" signature="assertArrayNotEqual(byte[],byte[],int) : void" num="366" count="3" type="method" />
            <line num="368" count="3" type="stmt" />
            <line num="370" count="3" type="stmt" />
            <line num="373" count="3" type="stmt" />
            <line falsecount="0" truecount="3" num="373" type="cond" />
            <line num="378" count="3" type="stmt" />
            <line falsecount="0" truecount="3" num="378" type="cond" />
            <line num="380" count="3" type="stmt" />
            <line num="384" count="0" type="stmt" />
         </file>
      </package>
   </testproject>
</coverage>