<?xml version="1.0" encoding="UTF-8"?>
<coverage generated="1639991321187" clover="4.4.1">
   <project name="Java UUID Generator 4.0.2-SNAPSHOT" timestamp="1639991319352">
      <metrics coveredelements="59" complexity="321" loc="3198" methods="110" classes="21" statements="829" packages="5" coveredconditionals="9" coveredmethods="9" elements="1235" ncloc="1577" files="20" conditionals="296" coveredstatements="41"/>
      <package name="test">
         <metrics coveredelements="0" complexity="2" loc="46" methods="1" classes="1" statements="13" coveredconditionals="0" coveredmethods="0" elements="14" ncloc="27" files="1" conditionals="0" coveredstatements="0"/>
         <file path="/Users/seyoung/data/repo/src/main/java/test/FileSyncTest.java" name="FileSyncTest.java">
            <metrics coveredelements="0" coveredconditionals="0" complexity="2" loc="46" coveredmethods="0" methods="1" elements="14" classes="1" ncloc="27" statements="13" conditionals="0" coveredstatements="0"/>
            <class name="FileSyncTest">
               <metrics coveredelements="0" coveredconditionals="0" complexity="2" coveredmethods="0" methods="1" elements="14" statements="13" conditionals="0" coveredstatements="0"/>
            </class>
            <line complexity="2" visibility="public" signature="main(String[]) : void" num="15" count="0" type="method"/>
            <line num="18" count="0" type="stmt"/>
            <line num="20" count="0" type="stmt"/>
            <line num="23" count="0" type="stmt"/>
            <line num="24" count="0" type="stmt"/>
            <line num="26" count="0" type="stmt"/>
            <line num="27" count="0" type="stmt"/>
            <line num="28" count="0" type="stmt"/>
            <line num="30" count="0" type="stmt"/>
            <line num="35" count="0" type="stmt"/>
            <line num="38" count="0" type="stmt"/>
            <line num="39" count="0" type="stmt"/>
            <line num="41" count="0" type="stmt"/>
            <line num="42" count="0" type="stmt"/>
         </file>
      </package>
      <package name="com.fasterxml.uuid">
         <metrics coveredelements="59" complexity="173" loc="1743" methods="55" classes="11" statements="433" coveredconditionals="9" coveredmethods="9" elements="664" ncloc="803" files="11" conditionals="176" coveredstatements="41"/>
         <file path="/Users/seyoung/data/repo/src/main/java/com/fasterxml/uuid/EthernetAddress.java" name="EthernetAddress.java">
            <metrics coveredelements="59" coveredconditionals="9" complexity="64" loc="504" coveredmethods="9" methods="24" elements="213" classes="1" ncloc="238" statements="127" conditionals="62" coveredstatements="41"/>
            <class name="EthernetAddress">
               <metrics coveredelements="59" coveredconditionals="9" complexity="64" coveredmethods="9" methods="24" elements="213" statements="127" conditionals="62" coveredstatements="41"/>
            </class>
            <line complexity="23" visibility="public" signature="EthernetAddress(String)" num="69" count="0" type="method"/>
            <line num="72" count="0" type="stmt"/>
            <line num="73" count="0" type="stmt"/>
            <line num="79" count="0" type="stmt"/>
            <line falsecount="0" truecount="0" num="79" type="cond"/>
            <line num="80" count="0" type="stmt"/>
            <line falsecount="0" truecount="0" num="80" type="cond"/>
            <line num="82" count="0" type="stmt"/>
            <line falsecount="0" truecount="0" num="82" type="cond"/>
            <line num="83" count="0" type="stmt"/>
            <line num="84" count="0" type="stmt"/>
            <line num="86" count="0" type="stmt"/>
            <line num="89" count="0" type="stmt"/>
            <line num="90" count="0" type="stmt"/>
            <line num="91" count="0" type="stmt"/>
            <line num="94" count="0" type="stmt"/>
            <line falsecount="0" truecount="0" num="94" type="cond"/>
            <line num="95" count="0" type="stmt"/>
            <line num="98" count="0" type="stmt"/>
            <line falsecount="0" truecount="0" num="98" type="cond"/>
            <line num="99" count="0" type="stmt"/>
            <line num="100" count="0" type="stmt"/>
            <line falsecount="0" truecount="0" num="100" type="cond"/>
            <line num="101" count="0" type="stmt"/>
            <line num="102" count="0" type="stmt"/>
            <line falsecount="0" truecount="0" num="102" type="cond"/>
            <line num="103" count="0" type="stmt"/>
            <line num="105" count="0" type="stmt"/>
            <line num="109" count="0" type="stmt"/>
            <line falsecount="0" truecount="0" num="109" type="cond"/>
            <line num="110" count="0" type="stmt"/>
            <line num="111" count="0" type="stmt"/>
            <line num="112" count="0" type="stmt"/>
            <line falsecount="0" truecount="0" num="112" type="cond"/>
            <line num="113" count="0" type="stmt"/>
            <line num="114" count="0" type="stmt"/>
            <line falsecount="0" truecount="0" num="114" type="cond"/>
            <line num="115" count="0" type="stmt"/>
            <line num="116" count="0" type="stmt"/>
            <line falsecount="0" truecount="0" num="116" type="cond"/>
            <line num="117" count="0" type="stmt"/>
            <line num="118" count="0" type="stmt"/>
            <line falsecount="0" truecount="0" num="118" type="cond"/>
            <line num="119" count="0" type="stmt"/>
            <line num="121" count="0" type="stmt"/>
            <line num="127" count="0" type="stmt"/>
            <line num="129" count="0" type="stmt"/>
            <line falsecount="0" truecount="0" num="129" type="cond"/>
            <line num="130" count="0" type="stmt"/>
            <line falsecount="0" truecount="0" num="130" type="cond"/>
            <line num="131" count="0" type="stmt"/>
            <line falsecount="0" truecount="0" num="131" type="cond"/>
            <line num="132" count="0" type="stmt"/>
            <line num="134" count="0" type="stmt"/>
            <line num="135" count="0" type="stmt"/>
            <line falsecount="0" truecount="0" num="135" type="cond"/>
            <line num="136" count="0" type="stmt"/>
            <line num="140" count="0" type="stmt"/>
            <line complexity="3" visibility="public" signature="EthernetAddress(byte[])" num="148" count="3" type="method"/>
            <line num="151" count="3" type="stmt"/>
            <line falsecount="3" truecount="0" num="151" type="cond"/>
            <line num="152" count="0" type="stmt"/>
            <line num="154" count="3" type="stmt"/>
            <line num="155" count="3" type="stmt"/>
            <line falsecount="3" truecount="15" num="155" type="cond"/>
            <line num="156" count="15" type="stmt"/>
            <line num="158" count="3" type="stmt"/>
            <line complexity="1" visibility="public" signature="EthernetAddress(long)" num="168" count="11" type="method"/>
            <line num="169" count="11" type="stmt"/>
            <line complexity="1" visibility="public" signature="clone() : Object" num="175" count="0" type="method"/>
            <line num="178" count="0" type="stmt"/>
            <line complexity="1" visibility="public" signature="valueOf(byte[]) : EthernetAddress" num="193" count="0" type="method"/>
            <line num="196" count="0" type="stmt"/>
            <line complexity="2" visibility="public" signature="valueOf(int[]) : EthernetAddress" num="211" count="0" type="method"/>
            <line num="214" count="0" type="stmt"/>
            <line num="216" count="0" type="stmt"/>
            <line falsecount="0" truecount="0" num="216" type="cond"/>
            <line num="217" count="0" type="stmt"/>
            <line num="219" count="0" type="stmt"/>
            <line complexity="1" visibility="public" signature="valueOf(String) : EthernetAddress" num="233" count="0" type="method"/>
            <line num="236" count="0" type="stmt"/>
            <line complexity="1" visibility="public" signature="valueOf(long) : EthernetAddress" num="249" count="0" type="method"/>
            <line num="251" count="0" type="stmt"/>
            <line complexity="6" visibility="public" signature="fromInterface() : EthernetAddress" num="267" count="0" type="method"/>
            <line num="269" count="0" type="stmt"/>
            <line num="270" count="0" type="stmt"/>
            <line num="271" count="0" type="stmt"/>
            <line falsecount="0" truecount="0" num="271" type="cond"/>
            <line num="272" count="0" type="stmt"/>
            <line num="273" count="0" type="stmt"/>
            <line falsecount="0" truecount="0" num="273" type="cond"/>
            <line num="274" count="0" type="stmt"/>
            <line num="275" count="0" type="stmt"/>
            <line falsecount="0" truecount="0" num="275" type="cond"/>
            <line num="276" count="0" type="stmt"/>
            <line num="283" count="0" type="stmt"/>
            <line complexity="1" visibility="public" signature="constructMulticastAddress() : EthernetAddress" num="296" count="1" type="method"/>
            <line num="298" count="1" type="stmt"/>
            <line complexity="1" visibility="public" signature="constructMulticastAddress(Random) : EthernetAddress" num="310" count="3" type="method"/>
            <line num="312" count="3" type="stmt"/>
            <line num="313" count="3" type="stmt"/>
            <line num="314" count="3" type="stmt"/>
            <line num="324" count="3" type="stmt"/>
            <line num="325" count="3" type="stmt"/>
            <line complexity="1" visibility="public" signature="asByteArray() : byte[]" num="341" count="0" type="method"/>
            <line num="343" count="0" type="stmt"/>
            <line num="344" count="0" type="stmt"/>
            <line num="345" count="0" type="stmt"/>
            <line complexity="1" visibility="public" signature="toByteArray() : byte[]" num="353" count="0" type="method"/>
            <line num="353" count="0" type="stmt"/>
            <line complexity="2" visibility="public" signature="toByteArray(byte[]) : void" num="355" count="0" type="method"/>
            <line num="356" count="0" type="stmt"/>
            <line falsecount="0" truecount="0" num="356" type="cond"/>
            <line num="357" count="0" type="stmt"/>
            <line num="359" count="0" type="stmt"/>
            <line complexity="3" visibility="public" signature="toByteArray(byte[],int) : void" num="362" count="0" type="method"/>
            <line num="364" count="0" type="stmt"/>
            <line falsecount="0" truecount="0" num="364" type="cond"/>
            <line num="365" count="0" type="stmt"/>
            <line num="367" count="0" type="stmt"/>
            <line num="368" count="0" type="stmt"/>
            <line num="369" count="0" type="stmt"/>
            <line num="370" count="0" type="stmt"/>
            <line num="371" count="0" type="stmt"/>
            <line num="372" count="0" type="stmt"/>
            <line num="373" count="0" type="stmt"/>
            <line num="374" count="0" type="stmt"/>
            <line complexity="1" visibility="public" signature="toLong() : long" num="377" count="0" type="method"/>
            <line num="378" count="0" type="stmt"/>
            <line complexity="1" visibility="public" signature="isMulticastAddress() : boolean" num="393" count="2" type="method"/>
            <line num="394" count="2" type="stmt"/>
            <line complexity="1" visibility="public" signature="isLocallyAdministeredAddress() : boolean" num="404" count="0" type="method"/>
            <line num="405" count="0" type="stmt"/>
            <line complexity="4" visibility="public" signature="equals(Object) : boolean" num="414" count="3" type="method"/>
            <line num="417" count="3" type="stmt"/>
            <line num="417" count="2" type="stmt"/>
            <line falsecount="1" truecount="2" num="417" type="cond"/>
            <line num="418" count="1" type="stmt"/>
            <line num="418" count="0" type="stmt"/>
            <line falsecount="1" truecount="0" num="418" type="cond"/>
            <line num="419" count="1" type="stmt"/>
            <line num="419" count="0" type="stmt"/>
            <line falsecount="1" truecount="0" num="419" type="cond"/>
            <line num="420" count="1" type="stmt"/>
            <line complexity="1" visibility="public" signature="hashCode() : int" num="423" count="0" type="method"/>
            <line num="425" count="0" type="stmt"/>
            <line complexity="3" visibility="public" signature="compareTo(EthernetAddress) : int" num="437" count="0" type="method"/>
            <line num="440" count="0" type="stmt"/>
            <line num="441" count="0" type="stmt"/>
            <line num="441" count="0" type="stmt"/>
            <line falsecount="0" truecount="0" num="441" type="cond"/>
            <line num="442" count="0" type="stmt"/>
            <line falsecount="0" truecount="0" num="442" type="cond"/>
            <line complexity="2" visibility="public" signature="toString() : String" num="452" count="1" type="method"/>
            <line num="455" count="1" type="stmt"/>
            <line num="456" count="1" type="stmt"/>
            <line falsecount="1" truecount="0" num="456" type="cond"/>
            <line num="457" count="0" type="stmt"/>
            <line num="463" count="1" type="stmt"/>
            <line num="464" count="1" type="stmt"/>
            <line num="465" count="1" type="stmt"/>
            <line num="467" count="1" type="stmt"/>
            <line num="468" count="1" type="stmt"/>
            <line num="469" count="1" type="stmt"/>
            <line num="470" count="1" type="stmt"/>
            <line num="471" count="1" type="stmt"/>
            <line num="472" count="1" type="stmt"/>
            <line num="473" count="1" type="stmt"/>
            <line num="474" count="1" type="stmt"/>
            <line num="475" count="1" type="stmt"/>
            <line num="476" count="1" type="stmt"/>
            <line num="477" count="1" type="stmt"/>
            <line num="478" count="1" type="stmt"/>
            <line num="479" count="1" type="stmt"/>
            <line complexity="2" visibility="protected" signature="_randomNumberGenerator() : Random" num="491" count="1" type="method"/>
            <line num="493" count="1" type="stmt"/>
            <line falsecount="0" truecount="1" num="493" type="cond"/>
            <line num="494" count="1" type="stmt"/>
            <line num="496" count="1" type="stmt"/>
            <line complexity="1" visibility="private" signature="_appendHex(StringBuilder,int) : void" num="499" count="6" type="method"/>
            <line num="501" count="6" type="stmt"/>
            <line num="502" count="6" type="stmt"/>
         </file>
         <file path="/Users/seyoung/data/repo/src/main/java/com/fasterxml/uuid/Generators.java" name="Generators.java">
            <metrics coveredelements="0" coveredconditionals="0" complexity="16" loc="198" coveredmethods="0" methods="10" elements="42" classes="1" ncloc="75" statements="26" conditionals="6" coveredstatements="0"/>
            <class name="Generators">
               <metrics coveredelements="0" coveredconditionals="0" complexity="16" coveredmethods="0" methods="10" elements="42" statements="26" conditionals="6" coveredstatements="0"/>
            </class>
            <line complexity="1" visibility="public" signature="randomBasedGenerator() : RandomBasedGenerator" num="50" count="0" type="method"/>
            <line num="51" count="0" type="stmt"/>
            <line complexity="1" visibility="public" signature="randomBasedGenerator(Random) : RandomBasedGenerator" num="59" count="0" type="method"/>
            <line num="60" count="0" type="stmt"/>
            <line complexity="1" visibility="public" signature="nameBasedGenerator() : NameBasedGenerator" num="71" count="0" type="method"/>
            <line num="72" count="0" type="stmt"/>
            <line complexity="1" visibility="public" signature="nameBasedGenerator(UUID) : NameBasedGenerator" num="86" count="0" type="method"/>
            <line num="87" count="0" type="stmt"/>
            <line complexity="3" visibility="public" signature="nameBasedGenerator(UUID,MessageDigest) : NameBasedGenerator" num="102" count="0" type="method"/>
            <line num="104" count="0" type="stmt"/>
            <line num="105" count="0" type="stmt"/>
            <line falsecount="0" truecount="0" num="105" type="cond"/>
            <line num="106" count="0" type="stmt"/>
            <line num="107" count="0" type="stmt"/>
            <line num="108" count="0" type="stmt"/>
            <line num="110" count="0" type="stmt"/>
            <line num="113" count="0" type="stmt"/>
            <line complexity="1" visibility="public" signature="timeBasedGenerator() : TimeBasedGenerator" num="127" count="0" type="method"/>
            <line num="129" count="0" type="stmt"/>
            <line complexity="1" visibility="public" signature="timeBasedGenerator(EthernetAddress) : TimeBasedGenerator" num="138" count="0" type="method"/>
            <line num="140" count="0" type="stmt"/>
            <line complexity="2" visibility="public" signature="timeBasedGenerator(EthernetAddress,TimestampSynchronizer) : TimeBasedGenerator" num="154" count="0" type="method"/>
            <line num="157" count="0" type="stmt"/>
            <line num="158" count="0" type="stmt"/>
            <line num="159" count="0" type="stmt"/>
            <line num="161" count="0" type="stmt"/>
            <line num="163" count="0" type="stmt"/>
            <line complexity="2" visibility="public" signature="timeBasedGenerator(EthernetAddress,UUIDTimer) : TimeBasedGenerator" num="172" count="0" type="method"/>
            <line num="175" count="0" type="stmt"/>
            <line falsecount="0" truecount="0" num="175" type="cond"/>
            <line num="176" count="0" type="stmt"/>
            <line num="178" count="0" type="stmt"/>
            <line complexity="3" visibility="private" signature="sharedTimer() : UUIDTimer" num="187" count="0" type="method"/>
            <line num="189" count="0" type="stmt"/>
            <line falsecount="0" truecount="0" num="189" type="cond"/>
            <line num="190" count="0" type="stmt"/>
            <line num="191" count="0" type="stmt"/>
            <line num="193" count="0" type="stmt"/>
            <line num="196" count="0" type="stmt"/>
         </file>
         <file path="/Users/seyoung/data/repo/src/main/java/com/fasterxml/uuid/Jug.java" name="Jug.java">
            <metrics coveredelements="0" coveredconditionals="0" complexity="54" loc="320" coveredmethods="0" methods="5" elements="259" classes="1" ncloc="259" statements="186" conditionals="68" coveredstatements="0"/>
            <class name="Jug">
               <metrics coveredelements="0" coveredconditionals="0" complexity="54" coveredmethods="0" methods="5" elements="259" statements="186" conditionals="68" coveredstatements="0"/>
            </class>
            <line complexity="1" visibility="package" signature="&lt;clinit&gt;, line 30()" num="30" count="0" type="method"/>
            <line num="31" count="0" type="stmt"/>
            <line num="32" count="0" type="stmt"/>
            <line num="33" count="0" type="stmt"/>
            <line complexity="1" visibility="package" signature="&lt;clinit&gt;, line 37()" num="37" count="0" type="method"/>
            <line num="38" count="0" type="stmt"/>
            <line num="39" count="0" type="stmt"/>
            <line num="40" count="0" type="stmt"/>
            <line num="41" count="0" type="stmt"/>
            <line num="42" count="0" type="stmt"/>
            <line num="43" count="0" type="stmt"/>
            <line num="44" count="0" type="stmt"/>
            <line complexity="1" visibility="protected" signature="printUsage() : void" num="47" count="0" type="method"/>
            <line num="49" count="0" type="stmt"/>
            <line num="50" count="0" type="stmt"/>
            <line num="51" count="0" type="stmt"/>
            <line num="52" count="0" type="stmt"/>
            <line num="53" count="0" type="stmt"/>
            <line num="54" count="0" type="stmt"/>
            <line num="55" count="0" type="stmt"/>
            <line num="56" count="0" type="stmt"/>
            <line num="57" count="0" type="stmt"/>
            <line num="58" count="0" type="stmt"/>
            <line num="59" count="0" type="stmt"/>
            <line num="60" count="0" type="stmt"/>
            <line num="61" count="0" type="stmt"/>
            <line num="62" count="0" type="stmt"/>
            <line num="63" count="0" type="stmt"/>
            <line num="64" count="0" type="stmt"/>
            <line num="65" count="0" type="stmt"/>
            <line num="66" count="0" type="stmt"/>
            <line num="67" count="0" type="stmt"/>
            <line num="68" count="0" type="stmt"/>
            <line num="69" count="0" type="stmt"/>
            <line num="70" count="0" type="stmt"/>
            <line complexity="5" visibility="private" signature="printMap(Map&lt;String,String&gt;,PrintStream,boolean) : void" num="73" count="0" type="method"/>
            <line num="75" count="0" type="stmt"/>
            <line num="76" count="0" type="stmt"/>
            <line num="77" count="0" type="stmt"/>
            <line num="78" count="0" type="stmt"/>
            <line falsecount="0" truecount="0" num="78" type="cond"/>
            <line num="79" count="0" type="stmt"/>
            <line falsecount="0" truecount="0" num="79" type="cond"/>
            <line num="80" count="0" type="stmt"/>
            <line num="82" count="0" type="stmt"/>
            <line num="85" count="0" type="stmt"/>
            <line falsecount="0" truecount="0" num="85" type="cond"/>
            <line num="86" count="0" type="stmt"/>
            <line num="88" count="0" type="stmt"/>
            <line num="89" count="0" type="stmt"/>
            <line num="90" count="0" type="stmt"/>
            <line falsecount="0" truecount="0" num="90" type="cond"/>
            <line num="91" count="0" type="stmt"/>
            <line num="93" count="0" type="stmt"/>
            <line num="94" count="0" type="stmt"/>
            <line complexity="46" visibility="public" signature="main(String[]) : void" num="98" count="0" type="method"/>
            <line num="100" count="0" type="stmt"/>
            <line falsecount="0" truecount="0" num="100" type="cond"/>
            <line num="101" count="0" type="stmt"/>
            <line num="102" count="0" type="stmt"/>
            <line num="105" count="0" type="stmt"/>
            <line num="106" count="0" type="stmt"/>
            <line num="107" count="0" type="stmt"/>
            <line num="108" count="0" type="stmt"/>
            <line num="109" count="0" type="stmt"/>
            <line num="110" count="0" type="stmt"/>
            <line num="111" count="0" type="stmt"/>
            <line num="112" count="0" type="stmt"/>
            <line num="114" count="0" type="stmt"/>
            <line num="117" count="0" type="stmt"/>
            <line num="118" count="0" type="stmt"/>
            <line falsecount="0" truecount="0" num="118" type="cond"/>
            <line num="119" count="0" type="stmt"/>
            <line falsecount="0" truecount="0" num="119" type="cond"/>
            <line num="120" count="0" type="stmt"/>
            <line num="122" count="0" type="stmt"/>
            <line num="123" count="0" type="stmt"/>
            <line num="124" count="0" type="stmt"/>
            <line num="128" count="0" type="stmt"/>
            <line num="132" count="0" type="stmt"/>
            <line num="133" count="0" type="stmt"/>
            <line num="135" count="0" type="stmt"/>
            <line falsecount="0" truecount="0" num="135" type="cond"/>
            <line num="136" count="0" type="stmt"/>
            <line num="138" count="0" type="stmt"/>
            <line falsecount="0" truecount="0" num="138" type="cond"/>
            <line num="139" count="0" type="stmt"/>
            <line num="140" count="0" type="stmt"/>
            <line num="143" count="0" type="stmt"/>
            <line num="144" count="0" type="stmt"/>
            <line falsecount="0" truecount="0" num="144" type="cond"/>
            <line num="145" count="0" type="stmt"/>
            <line num="147" count="0" type="stmt"/>
            <line falsecount="0" truecount="0" num="147" type="cond"/>
            <line num="148" count="0" type="stmt"/>
            <line num="151" count="0" type="stmt"/>
            <line falsecount="0" truecount="0" num="151" type="cond"/>
            <line num="152" count="0" type="stmt"/>
            <line num="156" count="0" type="stmt"/>
            <line falsecount="0" truecount="0" num="156" type="cond"/>
            <line num="157" count="0" type="stmt"/>
            <line num="158" count="0" type="stmt"/>
            <line num="159" count="0" type="stmt"/>
            <line num="160" count="0" type="stmt"/>
            <line num="161" count="0" type="stmt"/>
            <line num="165" count="0" type="stmt"/>
            <line num="166" count="0" type="stmt"/>
            <line num="167" count="0" type="stmt"/>
            <line num="168" count="0" type="stmt"/>
            <line num="170" count="0" type="stmt"/>
            <line num="171" count="0" type="stmt"/>
            <line num="172" count="0" type="stmt"/>
            <line num="174" count="0" type="stmt"/>
            <line num="175" count="0" type="stmt"/>
            <line num="177" count="0" type="stmt"/>
            <line falsecount="0" truecount="0" num="177" type="cond"/>
            <line num="178" count="0" type="stmt"/>
            <line num="180" count="0" type="stmt"/>
            <line num="181" count="0" type="stmt"/>
            <line num="183" count="0" type="stmt"/>
            <line num="184" count="0" type="stmt"/>
            <line num="185" count="0" type="stmt"/>
            <line num="187" count="0" type="stmt"/>
            <line num="188" count="0" type="stmt"/>
            <line num="190" count="0" type="stmt"/>
            <line num="191" count="0" type="stmt"/>
            <line num="192" count="0" type="stmt"/>
            <line num="193" count="0" type="stmt"/>
            <line num="194" count="0" type="stmt"/>
            <line num="196" count="0" type="stmt"/>
            <line num="197" count="0" type="stmt"/>
            <line num="198" count="0" type="stmt"/>
            <line num="199" count="0" type="stmt"/>
            <line num="200" count="0" type="stmt"/>
            <line num="201" count="0" type="stmt"/>
            <line num="203" count="0" type="stmt"/>
            <line num="204" count="0" type="stmt"/>
            <line num="205" count="0" type="stmt"/>
            <line num="206" count="0" type="stmt"/>
            <line num="207" count="0" type="stmt"/>
            <line num="211" count="0" type="stmt"/>
            <line num="212" count="0" type="stmt"/>
            <line num="219" count="0" type="stmt"/>
            <line num="220" count="0" type="stmt"/>
            <line num="222" count="0" type="stmt"/>
            <line num="224" count="0" type="stmt"/>
            <line num="225" count="0" type="stmt"/>
            <line num="226" count="0" type="stmt"/>
            <line num="228" count="0" type="stmt"/>
            <line falsecount="0" truecount="0" num="228" type="cond"/>
            <line num="229" count="0" type="stmt"/>
            <line falsecount="0" truecount="0" num="229" type="cond"/>
            <line num="230" count="0" type="stmt"/>
            <line num="232" count="0" type="stmt"/>
            <line num="233" count="0" type="stmt"/>
            <line falsecount="0" truecount="0" num="233" type="cond"/>
            <line num="234" count="0" type="stmt"/>
            <line num="235" count="0" type="stmt"/>
            <line num="238" count="0" type="stmt"/>
            <line num="239" count="0" type="stmt"/>
            <line num="240" count="0" type="stmt"/>
            <line num="241" count="0" type="stmt"/>
            <line num="243" count="0" type="stmt"/>
            <line num="244" count="0" type="stmt"/>
            <line falsecount="0" truecount="0" num="244" type="cond"/>
            <line num="245" count="0" type="stmt"/>
            <line num="247" count="0" type="stmt"/>
            <line num="249" count="0" type="stmt"/>
            <line num="250" count="0" type="stmt"/>
            <line num="251" count="0" type="stmt"/>
            <line falsecount="0" truecount="0" num="251" type="cond"/>
            <line num="252" count="0" type="stmt"/>
            <line num="253" count="0" type="stmt"/>
            <line num="255" count="0" type="stmt"/>
            <line falsecount="0" truecount="0" num="255" type="cond"/>
            <line num="256" count="0" type="stmt"/>
            <line num="257" count="0" type="stmt"/>
            <line num="259" count="0" type="stmt"/>
            <line falsecount="0" truecount="0" num="259" type="cond"/>
            <line num="260" count="0" type="stmt"/>
            <line num="261" count="0" type="stmt"/>
            <line num="262" count="0" type="stmt"/>
            <line falsecount="0" truecount="0" num="262" type="cond"/>
            <line num="263" count="0" type="stmt"/>
            <line num="264" count="0" type="stmt"/>
            <line falsecount="0" truecount="0" num="264" type="cond"/>
            <line num="265" count="0" type="stmt"/>
            <line num="267" count="0" type="stmt"/>
            <line num="269" count="0" type="stmt"/>
            <line num="272" count="0" type="stmt"/>
            <line num="273" count="0" type="stmt"/>
            <line num="277" count="0" type="stmt"/>
            <line falsecount="0" truecount="0" num="277" type="cond"/>
            <line num="278" count="0" type="stmt"/>
            <line num="283" count="0" type="stmt"/>
            <line num="285" count="0" type="stmt"/>
            <line falsecount="0" truecount="0" num="285" type="cond"/>
            <line num="287" count="0" type="stmt"/>
            <line falsecount="0" truecount="0" num="287" type="cond"/>
            <line num="288" count="0" type="stmt"/>
            <line falsecount="0" truecount="0" num="288" type="cond"/>
            <line num="289" count="0" type="stmt"/>
            <line num="292" count="0" type="stmt"/>
            <line num="293" count="0" type="stmt"/>
            <line falsecount="0" truecount="0" num="293" type="cond"/>
            <line num="294" count="0" type="stmt"/>
            <line num="297" count="0" type="stmt"/>
            <line num="300" count="0" type="stmt"/>
            <line falsecount="0" truecount="0" num="300" type="cond"/>
            <line num="301" count="0" type="stmt"/>
            <line falsecount="0" truecount="0" num="301" type="cond"/>
            <line num="303" count="0" type="stmt"/>
            <line falsecount="0" truecount="0" num="303" type="cond"/>
            <line num="304" count="0" type="stmt"/>
            <line num="306" count="0" type="stmt"/>
            <line falsecount="0" truecount="0" num="306" type="cond"/>
            <line num="307" count="0" type="stmt"/>
            <line num="311" count="0" type="stmt"/>
            <line falsecount="0" truecount="0" num="311" type="cond"/>
            <line num="312" count="0" type="stmt"/>
            <line num="314" count="0" type="stmt"/>
            <line falsecount="0" truecount="0" num="314" type="cond"/>
            <line num="315" count="0" type="stmt"/>
            <line num="316" count="0" type="stmt"/>
            <line num="317" count="0" type="stmt"/>
         </file>
         <file path="/Users/seyoung/data/repo/src/main/java/com/fasterxml/uuid/NoArgGenerator.java" name="NoArgGenerator.java">
            <metrics coveredelements="0" coveredconditionals="0" complexity="0" loc="14" coveredmethods="0" methods="0" elements="0" classes="1" ncloc="6" statements="0" conditionals="0" coveredstatements="0"/>
            <class name="NoArgGenerator">
               <metrics coveredelements="0" coveredconditionals="0" complexity="0" coveredmethods="0" methods="0" elements="0" statements="0" conditionals="0" coveredstatements="0"/>
            </class>
         </file>
         <file path="/Users/seyoung/data/repo/src/main/java/com/fasterxml/uuid/StringArgGenerator.java" name="StringArgGenerator.java">
            <metrics coveredelements="0" coveredconditionals="0" complexity="0" loc="26" coveredmethods="0" methods="0" elements="0" classes="1" ncloc="7" statements="0" conditionals="0" coveredstatements="0"/>
            <class name="StringArgGenerator">
               <metrics coveredelements="0" coveredconditionals="0" complexity="0" coveredmethods="0" methods="0" elements="0" statements="0" conditionals="0" coveredstatements="0"/>
            </class>
         </file>
         <file path="/Users/seyoung/data/repo/src/main/java/com/fasterxml/uuid/TimestampSynchronizer.java" name="TimestampSynchronizer.java">
            <metrics coveredelements="0" coveredconditionals="0" complexity="1" loc="82" coveredmethods="0" methods="1" elements="1" classes="1" ncloc="12" statements="0" conditionals="0" coveredstatements="0"/>
            <class name="TimestampSynchronizer">
               <metrics coveredelements="0" coveredconditionals="0" complexity="1" coveredmethods="0" methods="1" elements="1" statements="0" conditionals="0" coveredstatements="0"/>
            </class>
            <line complexity="1" visibility="protected" signature="TimestampSynchronizer()" num="31" count="0" type="method"/>
         </file>
         <file path="/Users/seyoung/data/repo/src/main/java/com/fasterxml/uuid/UUIDClock.java" name="UUIDClock.java">
            <metrics coveredelements="0" coveredconditionals="0" complexity="1" loc="36" coveredmethods="0" methods="1" elements="2" classes="1" ncloc="8" statements="1" conditionals="0" coveredstatements="0"/>
            <class name="UUIDClock">
               <metrics coveredelements="0" coveredconditionals="0" complexity="1" coveredmethods="0" methods="1" elements="2" statements="1" conditionals="0" coveredstatements="0"/>
            </class>
            <line complexity="1" visibility="public" signature="currentTimeMillis() : long" num="32" count="0" type="method"/>
            <line num="34" count="0" type="stmt"/>
         </file>
         <file path="/Users/seyoung/data/repo/src/main/java/com/fasterxml/uuid/UUIDComparator.java" name="UUIDComparator.java">
            <metrics coveredelements="0" coveredconditionals="0" complexity="12" loc="77" coveredmethods="0" methods="4" elements="40" classes="1" ncloc="47" statements="20" conditionals="16" coveredstatements="0"/>
            <class name="UUIDComparator">
               <metrics coveredelements="0" coveredconditionals="0" complexity="12" coveredmethods="0" methods="4" elements="40" statements="20" conditionals="16" coveredstatements="0"/>
            </class>
            <line complexity="1" visibility="public" signature="compare(UUID,UUID) : int" num="21" count="0" type="method"/>
            <line num="24" count="0" type="stmt"/>
            <line complexity="5" visibility="public" signature="staticCompare(UUID,UUID) : int" num="31" count="0" type="method"/>
            <line num="34" count="0" type="stmt"/>
            <line num="35" count="0" type="stmt"/>
            <line num="36" count="0" type="stmt"/>
            <line falsecount="0" truecount="0" num="36" type="cond"/>
            <line num="37" count="0" type="stmt"/>
            <line num="40" count="0" type="stmt"/>
            <line falsecount="0" truecount="0" num="40" type="cond"/>
            <line num="41" count="0" type="stmt"/>
            <line num="42" count="0" type="stmt"/>
            <line falsecount="0" truecount="0" num="42" type="cond"/>
            <line num="44" count="0" type="stmt"/>
            <line num="48" count="0" type="stmt"/>
            <line num="50" count="0" type="stmt"/>
            <line falsecount="0" truecount="0" num="50" type="cond"/>
            <line num="51" count="0" type="stmt"/>
            <line num="55" count="0" type="stmt"/>
            <line complexity="2" visibility="protected" signature="compareULongs(long,long) : int" num="58" count="0" type="method"/>
            <line num="59" count="0" type="stmt"/>
            <line num="60" count="0" type="stmt"/>
            <line falsecount="0" truecount="0" num="60" type="cond"/>
            <line num="61" count="0" type="stmt"/>
            <line num="63" count="0" type="stmt"/>
            <line complexity="4" visibility="protected" signature="compareUInts(int,int) : int" num="66" count="0" type="method"/>
            <line num="72" count="0" type="stmt"/>
            <line falsecount="0" truecount="0" num="72" type="cond"/>
            <line num="73" count="0" type="stmt"/>
            <line falsecount="0" truecount="0" num="73" type="cond"/>
            <line num="75" count="0" type="stmt"/>
            <line falsecount="0" truecount="0" num="75" type="cond"/>
         </file>
         <file path="/Users/seyoung/data/repo/src/main/java/com/fasterxml/uuid/UUIDGenerator.java" name="UUIDGenerator.java">
            <metrics coveredelements="0" coveredconditionals="0" complexity="1" loc="49" coveredmethods="0" methods="1" elements="1" classes="1" ncloc="6" statements="0" conditionals="0" coveredstatements="0"/>
            <class name="UUIDGenerator">
               <metrics coveredelements="0" coveredconditionals="0" complexity="1" coveredmethods="0" methods="1" elements="1" statements="0" conditionals="0" coveredstatements="0"/>
            </class>
            <line complexity="1" visibility="protected" signature="UUIDGenerator()" num="36" count="0" type="method"/>
         </file>
         <file path="/Users/seyoung/data/repo/src/main/java/com/fasterxml/uuid/UUIDTimer.java" name="UUIDTimer.java">
            <metrics coveredelements="0" coveredconditionals="0" complexity="22" loc="408" coveredmethods="0" methods="7" elements="102" classes="1" ncloc="130" statements="71" conditionals="24" coveredstatements="0"/>
            <class name="UUIDTimer">
               <metrics coveredelements="0" coveredconditionals="0" complexity="22" coveredmethods="0" methods="7" elements="102" statements="71" conditionals="24" coveredstatements="0"/>
            </class>
            <line complexity="1" visibility="public" signature="UUIDTimer(Random,TimestampSynchronizer)" num="173" count="0" type="method"/>
            <line num="175" count="0" type="stmt"/>
            <line complexity="3" visibility="public" signature="UUIDTimer(Random,TimestampSynchronizer,UUIDClock)" num="188" count="0" type="method"/>
            <line num="190" count="0" type="stmt"/>
            <line num="191" count="0" type="stmt"/>
            <line num="192" count="0" type="stmt"/>
            <line num="193" count="0" type="stmt"/>
            <line num="194" count="0" type="stmt"/>
            <line num="196" count="0" type="stmt"/>
            <line num="203" count="0" type="stmt"/>
            <line falsecount="0" truecount="0" num="203" type="cond"/>
            <line num="204" count="0" type="stmt"/>
            <line num="205" count="0" type="stmt"/>
            <line falsecount="0" truecount="0" num="205" type="cond"/>
            <line num="206" count="0" type="stmt"/>
            <line num="213" count="0" type="stmt"/>
            <line complexity="1" visibility="private" signature="initCounters(Random) : void" num="216" count="0" type="method"/>
            <line num="221" count="0" type="stmt"/>
            <line num="229" count="0" type="stmt"/>
            <line complexity="1" visibility="public" signature="getClockSequence() : int" num="232" count="0" type="method"/>
            <line num="233" count="0" type="stmt"/>
            <line complexity="8" visibility="public" signature="getTimestamp() : long" num="243" count="0" type="method"/>
            <line num="245" count="0" type="stmt"/>
            <line num="249" count="0" type="stmt"/>
            <line falsecount="0" truecount="0" num="249" type="cond"/>
            <line num="250" count="0" type="stmt"/>
            <line num="252" count="0" type="stmt"/>
            <line num="259" count="0" type="stmt"/>
            <line falsecount="0" truecount="0" num="259" type="cond"/>
            <line num="263" count="0" type="stmt"/>
            <line falsecount="0" truecount="0" num="263" type="cond"/>
            <line num="264" count="0" type="stmt"/>
            <line num="266" count="0" type="stmt"/>
            <line num="267" count="0" type="stmt"/>
            <line num="268" count="0" type="stmt"/>
            <line num="270" count="0" type="stmt"/>
            <line num="276" count="0" type="stmt"/>
            <line num="284" count="0" type="stmt"/>
            <line falsecount="0" truecount="0" num="284" type="cond"/>
            <line num="285" count="0" type="stmt"/>
            <line num="293" count="0" type="stmt"/>
            <line num="296" count="0" type="stmt"/>
            <line num="302" count="0" type="stmt"/>
            <line falsecount="0" truecount="0" num="302" type="cond"/>
            <line num="303" count="0" type="stmt"/>
            <line num="304" count="0" type="stmt"/>
            <line num="306" count="0" type="stmt"/>
            <line num="313" count="0" type="stmt"/>
            <line num="314" count="0" type="stmt"/>
            <line num="317" count="0" type="stmt"/>
            <line num="319" count="0" type="stmt"/>
            <line num="320" count="0" type="stmt"/>
            <line complexity="1" visibility="protected" signature="getAndSetTimestamp(byte[]) : void" num="332" count="0" type="method"/>
            <line num="334" count="0" type="stmt"/>
            <line num="336" count="0" type="stmt"/>
            <line num="337" count="0" type="stmt"/>
            <line num="341" count="0" type="stmt"/>
            <line num="342" count="0" type="stmt"/>
            <line num="344" count="0" type="stmt"/>
            <line num="345" count="0" type="stmt"/>
            <line num="346" count="0" type="stmt"/>
            <line num="347" count="0" type="stmt"/>
            <line num="349" count="0" type="stmt"/>
            <line num="350" count="0" type="stmt"/>
            <line num="351" count="0" type="stmt"/>
            <line num="352" count="0" type="stmt"/>
            <line complexity="7" visibility="protected" signature="slowDown(long,long) : void" num="374" count="0" type="method"/>
            <line num="379" count="0" type="stmt"/>
            <line num="380" count="0" type="stmt"/>
            <line num="382" count="0" type="stmt"/>
            <line falsecount="0" truecount="0" num="382" type="cond"/>
            <line num="383" count="0" type="stmt"/>
            <line num="384" count="0" type="stmt"/>
            <line falsecount="0" truecount="0" num="384" type="cond"/>
            <line num="385" count="0" type="stmt"/>
            <line num="386" count="0" type="stmt"/>
            <line falsecount="0" truecount="0" num="386" type="cond"/>
            <line num="387" count="0" type="stmt"/>
            <line num="389" count="0" type="stmt"/>
            <line num="391" count="0" type="stmt"/>
            <line num="392" count="0" type="stmt"/>
            <line num="393" count="0" type="stmt"/>
            <line num="394" count="0" type="stmt"/>
            <line num="395" count="0" type="stmt"/>
            <line num="396" count="0" type="stmt"/>
            <line num="398" count="0" type="stmt"/>
            <line num="403" count="0" type="stmt"/>
            <line falsecount="0" truecount="0" num="403" type="cond"/>
            <line num="404" count="0" type="stmt"/>
            <line falsecount="0" truecount="0" num="406" type="cond"/>
         </file>
         <file path="/Users/seyoung/data/repo/src/main/java/com/fasterxml/uuid/UUIDType.java" name="UUIDType.java">
            <metrics coveredelements="0" coveredconditionals="0" complexity="2" loc="29" coveredmethods="0" methods="2" elements="4" classes="1" ncloc="15" statements="2" conditionals="0" coveredstatements="0"/>
            <class name="UUIDType">
               <metrics coveredelements="0" coveredconditionals="0" complexity="2" coveredmethods="0" methods="2" elements="4" statements="2" conditionals="0" coveredstatements="0"/>
            </class>
            <line complexity="1" visibility="private" signature="UUIDType(int)" num="21" count="0" type="method"/>
            <line num="22" count="0" type="stmt"/>
            <line complexity="1" visibility="public" signature="raw() : int" num="28" count="0" type="method"/>
            <line num="28" count="0" type="stmt"/>
         </file>
      </package>
      <package name="com.fasterxml.uuid.ext">
         <metrics coveredelements="0" complexity="45" loc="518" methods="13" classes="2" statements="132" coveredconditionals="0" coveredmethods="0" elements="195" ncloc="266" files="2" conditionals="50" coveredstatements="0"/>
         <file path="/Users/seyoung/data/repo/src/main/java/com/fasterxml/uuid/ext/FileBasedTimestampSynchronizer.java" name="FileBasedTimestampSynchronizer.java">
            <metrics coveredelements="0" coveredconditionals="0" complexity="16" loc="236" coveredmethods="0" methods="8" elements="62" classes="1" ncloc="98" statements="38" conditionals="16" coveredstatements="0"/>
            <class name="FileBasedTimestampSynchronizer">
               <metrics coveredelements="0" coveredconditionals="0" complexity="16" coveredmethods="0" methods="8" elements="62" statements="38" conditionals="16" coveredstatements="0"/>
            </class>
            <line complexity="1" visibility="public" signature="FileBasedTimestampSynchronizer()" num="84" count="0" type="method"/>
            <line num="87" count="0" type="stmt"/>
            <line complexity="1" visibility="public" signature="FileBasedTimestampSynchronizer(File,File)" num="90" count="0" type="method"/>
            <line num="93" count="0" type="stmt"/>
            <line complexity="2" visibility="public" signature="FileBasedTimestampSynchronizer(File,File,long)" num="96" count="0" type="method"/>
            <line num="99" count="0" type="stmt"/>
            <line num="100" count="0" type="stmt"/>
            <line num="102" count="0" type="stmt"/>
            <line num="103" count="0" type="stmt"/>
            <line num="104" count="0" type="stmt"/>
            <line num="105" count="0" type="stmt"/>
            <line num="107" count="0" type="stmt"/>
            <line falsecount="0" truecount="0" num="107" type="cond"/>
            <line num="108" count="0" type="stmt"/>
            <line complexity="2" visibility="public" signature="setUpdateInterval(long) : void" num="121" count="0" type="method"/>
            <line num="123" count="0" type="stmt"/>
            <line falsecount="0" truecount="0" num="123" type="cond"/>
            <line num="124" count="0" type="stmt"/>
            <line num="126" count="0" type="stmt"/>
            <line complexity="4" visibility="protected" signature="initialize() : long" num="146" count="0" type="method"/>
            <line num="149" count="0" type="stmt"/>
            <line num="150" count="0" type="stmt"/>
            <line num="151" count="0" type="stmt"/>
            <line num="153" count="0" type="stmt"/>
            <line falsecount="0" truecount="0" num="153" type="cond"/>
            <line num="154" count="0" type="stmt"/>
            <line num="155" count="0" type="stmt"/>
            <line num="157" count="0" type="stmt"/>
            <line num="158" count="0" type="stmt"/>
            <line num="164" count="0" type="stmt"/>
            <line falsecount="0" truecount="0" num="164" type="cond"/>
            <line num="165" count="0" type="stmt"/>
            <line num="167" count="0" type="stmt"/>
            <line num="174" count="0" type="stmt"/>
            <line falsecount="0" truecount="0" num="174" type="cond"/>
            <line num="175" count="0" type="stmt"/>
            <line num="183" count="0" type="stmt"/>
            <line complexity="1" visibility="public" signature="deactivate() : void" num="186" count="0" type="method"/>
            <line num="189" count="0" type="stmt"/>
            <line complexity="2" visibility="public" signature="update(long) : long" num="198" count="0" type="method"/>
            <line num="202" count="0" type="stmt"/>
            <line num="210" count="0" type="stmt"/>
            <line falsecount="0" truecount="0" num="210" type="cond"/>
            <line num="211" count="0" type="stmt"/>
            <line num="213" count="0" type="stmt"/>
            <line num="216" count="0" type="stmt"/>
            <line num="218" count="0" type="stmt"/>
            <line complexity="3" visibility="protected" signature="doDeactivate(LockedFile,LockedFile) : void" num="227" count="0" type="method"/>
            <line num="229" count="0" type="stmt"/>
            <line falsecount="0" truecount="0" num="229" type="cond"/>
            <line num="230" count="0" type="stmt"/>
            <line num="232" count="0" type="stmt"/>
            <line falsecount="0" truecount="0" num="232" type="cond"/>
            <line num="233" count="0" type="stmt"/>
         </file>
         <file path="/Users/seyoung/data/repo/src/main/java/com/fasterxml/uuid/ext/LockedFile.java" name="LockedFile.java">
            <metrics coveredelements="0" coveredconditionals="0" complexity="29" loc="282" coveredmethods="0" methods="5" elements="133" classes="1" ncloc="168" statements="94" conditionals="34" coveredstatements="0"/>
            <class name="LockedFile">
               <metrics coveredelements="0" coveredconditionals="0" complexity="29" coveredmethods="0" methods="5" elements="133" statements="94" conditionals="34" coveredstatements="0"/>
            </class>
            <line complexity="4" visibility="package" signature="LockedFile(File)" num="84" count="0" type="method"/>
            <line num="87" count="0" type="stmt"/>
            <line num="89" count="0" type="stmt"/>
            <line num="90" count="0" type="stmt"/>
            <line num="91" count="0" type="stmt"/>
            <line num="92" count="0" type="stmt"/>
            <line num="94" count="0" type="stmt"/>
            <line num="95" count="0" type="stmt"/>
            <line num="98" count="0" type="stmt"/>
            <line num="99" count="0" type="stmt"/>
            <line falsecount="0" truecount="0" num="99" type="cond"/>
            <line num="100" count="0" type="stmt"/>
            <line num="102" count="0" type="stmt"/>
            <line num="103" count="0" type="stmt"/>
            <line falsecount="0" truecount="0" num="103" type="cond"/>
            <line num="104" count="0" type="stmt"/>
            <line num="106" count="0" type="stmt"/>
            <line num="108" count="0" type="stmt"/>
            <line falsecount="0" truecount="0" num="108" type="cond"/>
            <line num="109" count="0" type="stmt"/>
            <line num="113" count="0" type="stmt"/>
            <line num="114" count="0" type="stmt"/>
            <line num="115" count="0" type="stmt"/>
            <line complexity="1" visibility="public" signature="deactivate() : void" num="118" count="0" type="method"/>
            <line num="120" count="0" type="stmt"/>
            <line num="121" count="0" type="stmt"/>
            <line num="122" count="0" type="stmt"/>
            <line num="123" count="0" type="stmt"/>
            <line num="124" count="0" type="stmt"/>
            <line complexity="13" visibility="public" signature="readStamp() : long" num="127" count="0" type="method"/>
            <line num="129" count="0" type="stmt"/>
            <line num="131" count="0" type="stmt"/>
            <line num="132" count="0" type="stmt"/>
            <line num="134" count="0" type="stmt"/>
            <line num="135" count="0" type="stmt"/>
            <line num="138" count="0" type="stmt"/>
            <line num="141" count="0" type="stmt"/>
            <line falsecount="0" truecount="0" num="141" type="cond"/>
            <line num="142" count="0" type="stmt"/>
            <line num="143" count="0" type="stmt"/>
            <line num="147" count="0" type="stmt"/>
            <line falsecount="0" truecount="0" num="147" type="cond"/>
            <line num="148" count="0" type="stmt"/>
            <line num="150" count="0" type="stmt"/>
            <line num="151" count="0" type="stmt"/>
            <line num="152" count="0" type="stmt"/>
            <line num="154" count="0" type="stmt"/>
            <line num="155" count="0" type="stmt"/>
            <line num="162" count="0" type="stmt"/>
            <line num="163" count="0" type="stmt"/>
            <line falsecount="0" truecount="0" num="163" type="cond"/>
            <line num="164" count="0" type="stmt"/>
            <line num="166" count="0" type="stmt"/>
            <line num="168" count="0" type="stmt"/>
            <line num="170" count="0" type="stmt"/>
            <line num="171" count="0" type="stmt"/>
            <line num="173" count="0" type="stmt"/>
            <line falsecount="0" truecount="0" num="173" type="cond"/>
            <line num="176" count="0" type="stmt"/>
            <line num="178" count="0" type="stmt"/>
            <line num="179" count="0" type="stmt"/>
            <line falsecount="0" truecount="0" num="179" type="cond"/>
            <line num="180" count="0" type="stmt"/>
            <line num="182" count="0" type="stmt"/>
            <line num="183" count="0" type="stmt"/>
            <line falsecount="0" truecount="0" num="183" type="cond"/>
            <line num="184" count="0" type="stmt"/>
            <line num="186" count="0" type="stmt"/>
            <line num="187" count="0" type="stmt"/>
            <line num="189" count="0" type="stmt"/>
            <line num="197" count="0" type="stmt"/>
            <line falsecount="0" truecount="0" num="197" type="cond"/>
            <line num="198" count="0" type="stmt"/>
            <line num="199" count="0" type="stmt"/>
            <line num="202" count="0" type="stmt"/>
            <line num="203" count="0" type="stmt"/>
            <line complexity="6" visibility="public" signature="writeStamp(long) : void" num="208" count="0" type="method"/>
            <line num="212" count="0" type="stmt"/>
            <line falsecount="0" truecount="0" num="212" type="cond"/>
            <line num="216" count="0" type="stmt"/>
            <line falsecount="0" truecount="0" num="216" type="cond"/>
            <line num="217" count="0" type="stmt"/>
            <line num="218" count="0" type="stmt"/>
            <line num="220" count="0" type="stmt"/>
            <line num="226" count="0" type="stmt"/>
            <line falsecount="0" truecount="0" num="226" type="cond"/>
            <line num="227" count="0" type="stmt"/>
            <line num="228" count="0" type="stmt"/>
            <line num="229" count="0" type="stmt"/>
            <line num="230" count="0" type="stmt"/>
            <line num="231" count="0" type="stmt"/>
            <line num="232" count="0" type="stmt"/>
            <line num="233" count="0" type="stmt"/>
            <line num="237" count="0" type="stmt"/>
            <line falsecount="0" truecount="0" num="237" type="cond"/>
            <line num="238" count="0" type="stmt"/>
            <line num="239" count="0" type="stmt"/>
            <line num="240" count="0" type="stmt"/>
            <line num="243" count="0" type="stmt"/>
            <line num="244" count="0" type="stmt"/>
            <line num="245" count="0" type="stmt"/>
            <line falsecount="0" truecount="0" num="245" type="cond"/>
            <line num="246" count="0" type="stmt"/>
            <line num="247" count="0" type="stmt"/>
            <line num="251" count="0" type="stmt"/>
            <line complexity="5" visibility="protected" signature="doDeactivate(File,RandomAccessFile,FileLock) : void" num="262" count="0" type="method"/>
            <line num="265" count="0" type="stmt"/>
            <line falsecount="0" truecount="0" num="265" type="cond"/>
            <line num="266" count="0" type="stmt"/>
            <line num="267" count="0" type="stmt"/>
            <line num="269" count="0" type="stmt"/>
            <line num="272" count="0" type="stmt"/>
            <line falsecount="0" truecount="0" num="272" type="cond"/>
            <line num="273" count="0" type="stmt"/>
            <line num="274" count="0" type="stmt"/>
            <line num="276" count="0" type="stmt"/>
         </file>
      </package>
      <package name="com.fasterxml.uuid.impl">
         <metrics coveredelements="0" complexity="74" loc="708" methods="33" classes="6" statements="182" coveredconditionals="0" coveredmethods="0" elements="263" ncloc="363" files="5" conditionals="48" coveredstatements="0"/>
         <file path="/Users/seyoung/data/repo/src/main/java/com/fasterxml/uuid/impl/GeneratorImplBase.java" name="GeneratorImplBase.java">
            <metrics coveredelements="0" coveredconditionals="0" complexity="0" loc="8" coveredmethods="0" methods="0" elements="0" classes="1" ncloc="4" statements="0" conditionals="0" coveredstatements="0"/>
            <class name="GeneratorImplBase">
               <metrics coveredelements="0" coveredconditionals="0" complexity="0" coveredmethods="0" methods="0" elements="0" statements="0" conditionals="0" coveredstatements="0"/>
            </class>
         </file>
         <file path="/Users/seyoung/data/repo/src/main/java/com/fasterxml/uuid/impl/NameBasedGenerator.java" name="NameBasedGenerator.java">
            <metrics coveredelements="0" coveredconditionals="0" complexity="11" loc="143" coveredmethods="0" methods="6" elements="41" classes="1" ncloc="65" statements="25" conditionals="10" coveredstatements="0"/>
            <class name="NameBasedGenerator">
               <metrics coveredelements="0" coveredconditionals="0" complexity="11" coveredmethods="0" methods="6" elements="41" statements="25" conditionals="10" coveredstatements="0"/>
            </class>
            <line complexity="1" visibility="package" signature="&lt;clinit&gt;, line 28()" num="28" count="0" type="method"/>
            <line num="29" count="0" type="stmt"/>
            <line complexity="5" visibility="public" signature="NameBasedGenerator(UUID,MessageDigest,UUIDType)" num="82" count="0" type="method"/>
            <line num="84" count="0" type="stmt"/>
            <line num="86" count="0" type="stmt"/>
            <line falsecount="0" truecount="0" num="86" type="cond"/>
            <line num="87" count="0" type="stmt"/>
            <line num="89" count="0" type="stmt"/>
            <line falsecount="0" truecount="0" num="89" type="cond"/>
            <line num="90" count="0" type="stmt"/>
            <line num="91" count="0" type="stmt"/>
            <line falsecount="0" truecount="0" num="91" type="cond"/>
            <line num="92" count="0" type="stmt"/>
            <line num="93" count="0" type="stmt"/>
            <line falsecount="0" truecount="0" num="93" type="cond"/>
            <line num="94" count="0" type="stmt"/>
            <line num="97" count="0" type="stmt"/>
            <line num="98" count="0" type="stmt"/>
            <line num="101" count="0" type="stmt"/>
            <line num="102" count="0" type="stmt"/>
            <line complexity="1" visibility="public" signature="getType() : UUIDType" num="111" count="0" type="method"/>
            <line num="112" count="0" type="stmt"/>
            <line complexity="1" visibility="public" signature="getNamespace() : UUID" num="114" count="0" type="method"/>
            <line num="114" count="0" type="stmt"/>
            <line complexity="1" visibility="public" signature="generate(String) : UUID" num="122" count="0" type="method"/>
            <line num="126" count="0" type="stmt"/>
            <line complexity="2" visibility="public" signature="generate(byte[]) : UUID" num="129" count="0" type="method"/>
            <line num="132" count="0" type="stmt"/>
            <line num="133" count="0" type="stmt"/>
            <line num="134" count="0" type="stmt"/>
            <line num="135" count="0" type="stmt"/>
            <line falsecount="0" truecount="0" num="135" type="cond"/>
            <line num="136" count="0" type="stmt"/>
            <line num="138" count="0" type="stmt"/>
            <line num="139" count="0" type="stmt"/>
            <line num="141" count="0" type="stmt"/>
         </file>
         <file path="/Users/seyoung/data/repo/src/main/java/com/fasterxml/uuid/impl/RandomBasedGenerator.java" name="RandomBasedGenerator.java">
            <metrics coveredelements="0" coveredconditionals="0" complexity="8" loc="137" coveredmethods="0" methods="6" elements="31" classes="2" ncloc="60" statements="21" conditionals="4" coveredstatements="0"/>
            <class name="RandomBasedGenerator">
               <metrics coveredelements="0" coveredconditionals="0" complexity="7" coveredmethods="0" methods="5" elements="29" statements="20" conditionals="4" coveredstatements="0"/>
            </class>
            <class name="RandomBasedGenerator.LazyRandom">
               <metrics coveredelements="0" coveredconditionals="0" complexity="1" coveredmethods="0" methods="1" elements="2" statements="1" conditionals="0" coveredstatements="0"/>
            </class>
            <line complexity="2" visibility="public" signature="RandomBasedGenerator(Random)" num="50" count="0" type="method"/>
            <line num="52" count="0" type="stmt"/>
            <line falsecount="0" truecount="0" num="52" type="cond"/>
            <line num="53" count="0" type="stmt"/>
            <line num="54" count="0" type="stmt"/>
            <line num="56" count="0" type="stmt"/>
            <line num="58" count="0" type="stmt"/>
            <line complexity="1" visibility="public" signature="getType() : UUIDType" num="67" count="0" type="method"/>
            <line num="68" count="0" type="stmt"/>
            <line complexity="2" visibility="public" signature="generate() : UUID" num="76" count="0" type="method"/>
            <line num="82" count="0" type="stmt"/>
            <line num="84" count="0" type="stmt"/>
            <line falsecount="0" truecount="0" num="84" type="cond"/>
            <line num="85" count="0" type="stmt"/>
            <line num="86" count="0" type="stmt"/>
            <line num="87" count="0" type="stmt"/>
            <line num="88" count="0" type="stmt"/>
            <line num="90" count="0" type="stmt"/>
            <line num="91" count="0" type="stmt"/>
            <line num="93" count="0" type="stmt"/>
            <line complexity="1" visibility="private" signature="_toLong(byte[],int) : long" num="102" count="0" type="method"/>
            <line num="104" count="0" type="stmt"/>
            <line num="105" count="0" type="stmt"/>
            <line num="106" count="0" type="stmt"/>
            <line num="107" count="0" type="stmt"/>
            <line complexity="1" visibility="private" signature="_toInt(byte[],int) : long" num="110" count="0" type="method"/>
            <line num="112" count="0" type="stmt"/>
            <line complexity="1" visibility="public" signature="sharedSecureRandom() : SecureRandom" num="133" count="0" type="method"/>
            <line num="134" count="0" type="stmt"/>
         </file>
         <file path="/Users/seyoung/data/repo/src/main/java/com/fasterxml/uuid/impl/TimeBasedGenerator.java" name="TimeBasedGenerator.java">
            <metrics coveredelements="0" coveredconditionals="0" complexity="5" loc="112" coveredmethods="0" methods="4" elements="29" classes="1" ncloc="41" statements="23" conditionals="2" coveredstatements="0"/>
            <class name="TimeBasedGenerator">
               <metrics coveredelements="0" coveredconditionals="0" complexity="5" coveredmethods="0" methods="4" elements="29" statements="23" conditionals="2" coveredstatements="0"/>
            </class>
            <line complexity="2" visibility="public" signature="TimeBasedGenerator(EthernetAddress,UUIDTimer)" num="54" count="0" type="method"/>
            <line num="56" count="0" type="stmt"/>
            <line num="57" count="0" type="stmt"/>
            <line falsecount="0" truecount="0" num="57" type="cond"/>
            <line num="58" count="0" type="stmt"/>
            <line num="61" count="0" type="stmt"/>
            <line num="62" count="0" type="stmt"/>
            <line num="64" count="0" type="stmt"/>
            <line num="65" count="0" type="stmt"/>
            <line num="66" count="0" type="stmt"/>
            <line num="67" count="0" type="stmt"/>
            <line num="68" count="0" type="stmt"/>
            <line num="69" count="0" type="stmt"/>
            <line complexity="1" visibility="public" signature="getType() : UUIDType" num="78" count="0" type="method"/>
            <line num="79" count="0" type="stmt"/>
            <line complexity="1" visibility="public" signature="getEthernetAddress() : EthernetAddress" num="81" count="0" type="method"/>
            <line num="81" count="0" type="stmt"/>
            <line complexity="1" visibility="public" signature="generate() : UUID" num="93" count="0" type="method"/>
            <line num="96" count="0" type="stmt"/>
            <line num="98" count="0" type="stmt"/>
            <line num="99" count="0" type="stmt"/>
            <line num="101" count="0" type="stmt"/>
            <line num="103" count="0" type="stmt"/>
            <line num="104" count="0" type="stmt"/>
            <line num="105" count="0" type="stmt"/>
            <line num="106" count="0" type="stmt"/>
            <line num="108" count="0" type="stmt"/>
            <line num="110" count="0" type="stmt"/>
         </file>
         <file path="/Users/seyoung/data/repo/src/main/java/com/fasterxml/uuid/impl/UUIDUtil.java" name="UUIDUtil.java">
            <metrics coveredelements="0" coveredconditionals="0" complexity="50" loc="308" coveredmethods="0" methods="17" elements="162" classes="1" ncloc="193" statements="113" conditionals="32" coveredstatements="0"/>
            <class name="UUIDUtil">
               <metrics coveredelements="0" coveredconditionals="0" complexity="50" coveredmethods="0" methods="17" elements="162" statements="113" conditionals="32" coveredstatements="0"/>
            </class>
            <line complexity="1" visibility="public" signature="UUIDUtil()" num="28" count="0" type="method"/>
            <line complexity="22" visibility="public" signature="uuid(String) : UUID" num="45" count="0" type="method"/>
            <line num="47" count="0" type="stmt"/>
            <line falsecount="0" truecount="0" num="47" type="cond"/>
            <line num="48" count="0" type="stmt"/>
            <line num="50" count="0" type="stmt"/>
            <line falsecount="0" truecount="0" num="50" type="cond"/>
            <line num="51" count="0" type="stmt"/>
            <line num="54" count="0" type="stmt"/>
            <line num="55" count="0" type="stmt"/>
            <line num="57" count="0" type="stmt"/>
            <line falsecount="0" truecount="0" num="57" type="cond"/>
            <line num="60" count="0" type="stmt"/>
            <line num="61" count="0" type="stmt"/>
            <line num="62" count="0" type="stmt"/>
            <line num="63" count="0" type="stmt"/>
            <line num="64" count="0" type="stmt"/>
            <line num="65" count="0" type="stmt"/>
            <line falsecount="0" truecount="0" num="65" type="cond"/>
            <line num="66" count="0" type="stmt"/>
            <line num="68" count="0" type="stmt"/>
            <line num="70" count="0" type="stmt"/>
            <line num="71" count="0" type="stmt"/>
            <line num="73" count="0" type="stmt"/>
            <line falsecount="0" truecount="0" num="73" type="cond"/>
            <line num="74" count="0" type="stmt"/>
            <line num="75" count="0" type="stmt"/>
            <line falsecount="0" truecount="0" num="75" type="cond"/>
            <line num="76" count="0" type="stmt"/>
            <line num="77" count="0" type="stmt"/>
            <line falsecount="0" truecount="0" num="77" type="cond"/>
            <line num="78" count="0" type="stmt"/>
            <line num="80" count="0" type="stmt"/>
            <line num="83" count="0" type="stmt"/>
            <line num="85" count="0" type="stmt"/>
            <line num="87" count="0" type="stmt"/>
            <line falsecount="0" truecount="0" num="87" type="cond"/>
            <line num="88" count="0" type="stmt"/>
            <line num="89" count="0" type="stmt"/>
            <line falsecount="0" truecount="0" num="89" type="cond"/>
            <line num="90" count="0" type="stmt"/>
            <line num="91" count="0" type="stmt"/>
            <line falsecount="0" truecount="0" num="91" type="cond"/>
            <line num="92" count="0" type="stmt"/>
            <line num="94" count="0" type="stmt"/>
            <line num="97" count="0" type="stmt"/>
            <line falsecount="0" truecount="0" num="97" type="cond"/>
            <line num="98" count="0" type="stmt"/>
            <line num="100" count="0" type="stmt"/>
            <line num="102" count="0" type="stmt"/>
            <line num="104" count="0" type="stmt"/>
            <line complexity="1" visibility="public" signature="uuid(byte[]) : UUID" num="113" count="0" type="method"/>
            <line num="115" count="0" type="stmt"/>
            <line num="116" count="0" type="stmt"/>
            <line num="117" count="0" type="stmt"/>
            <line num="118" count="0" type="stmt"/>
            <line complexity="1" visibility="public" signature="uuid(byte[],int) : UUID" num="130" count="0" type="method"/>
            <line num="132" count="0" type="stmt"/>
            <line num="133" count="0" type="stmt"/>
            <line complexity="1" visibility="public" signature="constructUUID(UUIDType,byte[]) : UUID" num="139" count="0" type="method"/>
            <line num="142" count="0" type="stmt"/>
            <line num="143" count="0" type="stmt"/>
            <line num="144" count="0" type="stmt"/>
            <line num="146" count="0" type="stmt"/>
            <line num="147" count="0" type="stmt"/>
            <line num="148" count="0" type="stmt"/>
            <line num="149" count="0" type="stmt"/>
            <line complexity="1" visibility="public" signature="constructUUID(UUIDType,long,long) : UUID" num="152" count="0" type="method"/>
            <line num="155" count="0" type="stmt"/>
            <line num="156" count="0" type="stmt"/>
            <line num="158" count="0" type="stmt"/>
            <line num="159" count="0" type="stmt"/>
            <line num="160" count="0" type="stmt"/>
            <line complexity="1" visibility="public" signature="initUUIDFirstLong(long,UUIDType) : long" num="163" count="0" type="method"/>
            <line num="165" count="0" type="stmt"/>
            <line complexity="1" visibility="public" signature="initUUIDFirstLong(long,int) : long" num="168" count="0" type="method"/>
            <line num="170" count="0" type="stmt"/>
            <line num="171" count="0" type="stmt"/>
            <line num="172" count="0" type="stmt"/>
            <line complexity="1" visibility="public" signature="initUUIDSecondLong(long) : long" num="175" count="0" type="method"/>
            <line num="177" count="0" type="stmt"/>
            <line num="178" count="0" type="stmt"/>
            <line num="179" count="0" type="stmt"/>
            <line complexity="10" visibility="public" signature="typeOf(UUID) : UUIDType" num="197" count="0" type="method"/>
            <line num="199" count="0" type="stmt"/>
            <line falsecount="0" truecount="0" num="199" type="cond"/>
            <line num="200" count="0" type="stmt"/>
            <line num="203" count="0" type="stmt"/>
            <line num="204" count="0" type="stmt"/>
            <line num="205" count="0" type="stmt"/>
            <line num="206" count="0" type="stmt"/>
            <line num="208" count="0" type="stmt"/>
            <line falsecount="0" truecount="0" num="208" type="cond"/>
            <line num="209" count="0" type="stmt"/>
            <line num="211" count="0" type="stmt"/>
            <line num="212" count="0" type="stmt"/>
            <line num="213" count="0" type="stmt"/>
            <line num="214" count="0" type="stmt"/>
            <line num="215" count="0" type="stmt"/>
            <line num="216" count="0" type="stmt"/>
            <line num="217" count="0" type="stmt"/>
            <line num="218" count="0" type="stmt"/>
            <line num="219" count="0" type="stmt"/>
            <line num="220" count="0" type="stmt"/>
            <line num="221" count="0" type="stmt"/>
            <line num="224" count="0" type="stmt"/>
            <line complexity="1" visibility="public" signature="asByteArray(UUID) : byte[]" num="233" count="0" type="method"/>
            <line num="235" count="0" type="stmt"/>
            <line num="236" count="0" type="stmt"/>
            <line num="237" count="0" type="stmt"/>
            <line num="238" count="0" type="stmt"/>
            <line num="239" count="0" type="stmt"/>
            <line num="240" count="0" type="stmt"/>
            <line num="241" count="0" type="stmt"/>
            <line num="242" count="0" type="stmt"/>
            <line complexity="1" visibility="public" signature="toByteArray(UUID,byte[]) : void" num="245" count="0" type="method"/>
            <line num="246" count="0" type="stmt"/>
            <line complexity="1" visibility="public" signature="toByteArray(UUID,byte[],int) : void" num="249" count="0" type="method"/>
            <line num="251" count="0" type="stmt"/>
            <line num="252" count="0" type="stmt"/>
            <line num="253" count="0" type="stmt"/>
            <line num="254" count="0" type="stmt"/>
            <line num="255" count="0" type="stmt"/>
            <line num="256" count="0" type="stmt"/>
            <line num="257" count="0" type="stmt"/>
            <line complexity="1" visibility="protected" signature="gatherLong(byte[],int) : long" num="268" count="0" type="method"/>
            <line num="270" count="0" type="stmt"/>
            <line num="272" count="0" type="stmt"/>
            <line num="273" count="0" type="stmt"/>
            <line complexity="1" visibility="private" signature="_appendInt(int,byte[],int) : void" num="282" count="0" type="method"/>
            <line num="284" count="0" type="stmt"/>
            <line num="285" count="0" type="stmt"/>
            <line num="286" count="0" type="stmt"/>
            <line num="287" count="0" type="stmt"/>
            <line complexity="1" visibility="private" signature="_gatherInt(byte[],int) : int" num="290" count="0" type="method"/>
            <line num="292" count="0" type="stmt"/>
            <line complexity="4" visibility="private" signature="_checkUUIDByteArray(byte[],int) : void" num="296" count="0" type="method"/>
            <line num="298" count="0" type="stmt"/>
            <line falsecount="0" truecount="0" num="298" type="cond"/>
            <line num="299" count="0" type="stmt"/>
            <line num="301" count="0" type="stmt"/>
            <line falsecount="0" truecount="0" num="301" type="cond"/>
            <line num="302" count="0" type="stmt"/>
            <line num="304" count="0" type="stmt"/>
            <line falsecount="0" truecount="0" num="304" type="cond"/>
            <line num="305" count="0" type="stmt"/>
         </file>
      </package>
      <package name="perf">
         <metrics coveredelements="0" complexity="27" loc="183" methods="8" classes="1" statements="69" coveredconditionals="0" coveredmethods="0" elements="99" ncloc="118" files="1" conditionals="22" coveredstatements="0"/>
         <file path="/Users/seyoung/data/repo/src/main/java/perf/MeasurePerformance.java" name="MeasurePerformance.java">
            <metrics coveredelements="0" coveredconditionals="0" complexity="27" loc="183" coveredmethods="0" methods="8" elements="99" classes="1" ncloc="118" statements="69" conditionals="22" coveredstatements="0"/>
            <class name="MeasurePerformance">
               <metrics coveredelements="0" coveredconditionals="0" complexity="27" coveredmethods="0" methods="8" elements="99" statements="69" conditionals="22" coveredstatements="0"/>
            </class>
            <line complexity="1" visibility="public" signature="MeasurePerformance()" num="31" count="0" type="method"/>
            <line num="33" count="0" type="stmt"/>
            <line complexity="10" visibility="public" signature="test() : void" num="36" count="0" type="method"/>
            <line num="38" count="0" type="stmt"/>
            <line num="40" count="0" type="stmt"/>
            <line num="43" count="0" type="stmt"/>
            <line num="47" count="0" type="stmt"/>
            <line num="49" count="0" type="stmt"/>
            <line num="50" count="0" type="stmt"/>
            <line num="51" count="0" type="stmt"/>
            <line num="52" count="0" type="stmt"/>
            <line num="54" count="0" type="stmt"/>
            <line num="56" count="0" type="stmt"/>
            <line num="57" count="0" type="stmt"/>
            <line num="57" count="0" type="stmt"/>
            <line num="58" count="0" type="stmt"/>
            <line num="60" count="0" type="stmt"/>
            <line num="61" count="0" type="stmt"/>
            <line num="62" count="0" type="stmt"/>
            <line num="64" count="0" type="stmt"/>
            <line num="66" count="0" type="stmt"/>
            <line num="67" count="0" type="stmt"/>
            <line num="68" count="0" type="stmt"/>
            <line num="69" count="0" type="stmt"/>
            <line num="71" count="0" type="stmt"/>
            <line num="72" count="0" type="stmt"/>
            <line num="73" count="0" type="stmt"/>
            <line num="74" count="0" type="stmt"/>
            <line num="76" count="0" type="stmt"/>
            <line num="77" count="0" type="stmt"/>
            <line num="78" count="0" type="stmt"/>
            <line num="79" count="0" type="stmt"/>
            <line num="81" count="0" type="stmt"/>
            <line num="82" count="0" type="stmt"/>
            <line num="83" count="0" type="stmt"/>
            <line num="84" count="0" type="stmt"/>
            <line num="86" count="0" type="stmt"/>
            <line num="87" count="0" type="stmt"/>
            <line num="88" count="0" type="stmt"/>
            <line num="89" count="0" type="stmt"/>
            <line num="91" count="0" type="stmt"/>
            <line num="92" count="0" type="stmt"/>
            <line num="93" count="0" type="stmt"/>
            <line num="94" count="0" type="stmt"/>
            <line num="97" count="0" type="stmt"/>
            <line num="98" count="0" type="stmt"/>
            <line num="99" count="0" type="stmt"/>
            <line num="100" count="0" type="stmt"/>
            <line num="109" count="0" type="stmt"/>
            <line num="110" count="0" type="stmt"/>
            <line num="113" count="0" type="stmt"/>
            <line num="114" count="0" type="stmt"/>
            <line falsecount="0" truecount="0" num="114" type="cond"/>
            <line num="115" count="0" type="stmt"/>
            <line num="117" count="0" type="stmt"/>
            <line complexity="3" visibility="private" signature="testJDK(Object[],int) : void" num="133" count="0" type="method"/>
            <line num="135" count="0" type="stmt"/>
[...]
            <line num="506" count="0" type="stmt"/>
            <line num="509" count="0" type="stmt"/>
            <line num="510" count="0" type="stmt"/>
            <line num="511" count="0" type="stmt"/>
            <line complexity="1" visibility="private" signature="assertIsNullUUID(UUID) : void" num="514" count="0" type="method"/>
            <line num="515" count="0" type="stmt"/>
            <line num="516" count="0" type="stmt"/>
            <line complexity="1" visibility="public" signature="testToByteArray() : void" num="522" count="0" type="method"/>
            <line num="528" count="0" type="stmt"/>
            <line num="529" count="0" type="stmt"/>
            <line num="532" count="0" type="stmt"/>
            <line num="536" count="0" type="stmt"/>
            <line num="537" count="0" type="stmt"/>
            <line num="540" count="0" type="stmt"/>
            <line num="545" count="0" type="stmt"/>
            <line num="546" count="0" type="stmt"/>
            <line num="549" count="0" type="stmt"/>
            <line num="551" count="0" type="stmt"/>
            <line num="554" count="0" type="stmt"/>
            <line num="555" count="0" type="stmt"/>
            <line num="557" count="0" type="stmt"/>
            <line num="559" count="0" type="stmt"/>
            <line complexity="9" visibility="public" signature="testToByteArrayDest() : void" num="566" count="0" type="method"/>
            <line num="569" count="0" type="stmt"/>
            <line num="573" count="0" type="stmt"/>
            <line num="575" count="0" type="stmt"/>
            <line num="576" count="0" type="stmt"/>
            <line num="579" count="0" type="stmt"/>
            <line num="587" count="0" type="stmt"/>
            <line num="591" count="0" type="stmt"/>
            <line num="593" count="0" type="stmt"/>
            <line num="594" count="0" type="stmt"/>
            <line num="595" count="0" type="stmt"/>
            <line num="598" count="0" type="stmt"/>
            <line num="606" count="0" type="stmt"/>
            <line num="613" count="0" type="stmt"/>
            <line num="614" count="0" type="stmt"/>
            <line num="615" count="0" type="stmt"/>
            <line num="616" count="0" type="stmt"/>
            <line num="620" count="0" type="stmt"/>
            <line num="621" count="0" type="stmt"/>
            <line num="622" count="0" type="stmt"/>
            <line num="626" count="0" type="stmt"/>
            <line num="627" count="0" type="stmt"/>
            <line num="628" count="0" type="stmt"/>
            <line num="629" count="0" type="stmt"/>
            <line num="630" count="0" type="stmt"/>
            <line falsecount="0" truecount="0" num="630" type="cond"/>
            <line num="632" count="0" type="stmt"/>
            <line num="636" count="0" type="stmt"/>
            <line falsecount="0" truecount="0" num="636" type="cond"/>
            <line num="638" count="0" type="stmt"/>
            <line num="644" count="0" type="stmt"/>
            <line num="645" count="0" type="stmt"/>
            <line num="646" count="0" type="stmt"/>
            <line num="647" count="0" type="stmt"/>
            <line num="648" count="0" type="stmt"/>
            <line falsecount="0" truecount="0" num="648" type="cond"/>
            <line num="650" count="0" type="stmt"/>
            <line num="654" count="0" type="stmt"/>
            <line falsecount="0" truecount="0" num="654" type="cond"/>
            <line num="656" count="0" type="stmt"/>
            <line complexity="17" visibility="public" signature="testToByteArrayDestOffset() : void" num="666" count="0" type="method"/>
            <line num="669" count="0" type="stmt"/>
            <line num="672" count="0" type="stmt"/>
            <line num="674" count="0" type="stmt"/>
            <line num="675" count="0" type="stmt"/>
            <line num="676" count="0" type="stmt"/>
            <line num="679" count="0" type="stmt"/>
            <line num="683" count="0" type="stmt"/>
            <line num="687" count="0" type="stmt"/>
            <line num="688" count="0" type="stmt"/>
            <line num="689" count="0" type="stmt"/>
            <line num="690" count="0" type="stmt"/>
            <line num="693" count="0" type="stmt"/>
            <line num="697" count="0" type="stmt"/>
            <line num="701" count="0" type="stmt"/>
            <line num="702" count="0" type="stmt"/>
            <line num="703" count="0" type="stmt"/>
            <line num="704" count="0" type="stmt"/>
            <line num="707" count="0" type="stmt"/>
            <line num="711" count="0" type="stmt"/>
            <line num="716" count="0" type="stmt"/>
            <line num="717" count="0" type="stmt"/>
            <line num="718" count="0" type="stmt"/>
            <line num="719" count="0" type="stmt"/>
            <line num="722" count="0" type="stmt"/>
            <line num="726" count="0" type="stmt"/>
            <line num="733" count="0" type="stmt"/>
            <line num="734" count="0" type="stmt"/>
            <line num="735" count="0" type="stmt"/>
            <line num="736" count="0" type="stmt"/>
            <line num="740" count="0" type="stmt"/>
            <line num="741" count="0" type="stmt"/>
            <line num="742" count="0" type="stmt"/>
            <line num="746" count="0" type="stmt"/>
            <line num="747" count="0" type="stmt"/>
            <line num="748" count="0" type="stmt"/>
            <line num="749" count="0" type="stmt"/>
            <line num="750" count="0" type="stmt"/>
            <line falsecount="0" truecount="0" num="750" type="cond"/>
            <line num="751" count="0" type="stmt"/>
            <line num="755" count="0" type="stmt"/>
            <line falsecount="0" truecount="0" num="755" type="cond"/>
            <line num="756" count="0" type="stmt"/>
            <line num="762" count="0" type="stmt"/>
            <line num="763" count="0" type="stmt"/>
            <line num="764" count="0" type="stmt"/>
            <line num="765" count="0" type="stmt"/>
            <line num="767" count="0" type="stmt"/>
            <line falsecount="0" truecount="0" num="767" type="cond"/>
            <line num="768" count="0" type="stmt"/>
            <line num="773" count="0" type="stmt"/>
            <line falsecount="0" truecount="0" num="773" type="cond"/>
            <line num="774" count="0" type="stmt"/>
            <line num="777" count="0" type="stmt"/>
            <line num="783" count="0" type="stmt"/>
            <line num="784" count="0" type="stmt"/>
            <line num="785" count="0" type="stmt"/>
            <line num="786" count="0" type="stmt"/>
            <line num="787" count="0" type="stmt"/>
            <line falsecount="0" truecount="0" num="787" type="cond"/>
            <line num="788" count="0" type="stmt"/>
            <line num="792" count="0" type="stmt"/>
            <line falsecount="0" truecount="0" num="792" type="cond"/>
            <line num="793" count="0" type="stmt"/>
            <line num="800" count="0" type="stmt"/>
            <line num="801" count="0" type="stmt"/>
            <line num="802" count="0" type="stmt"/>
            <line num="803" count="0" type="stmt"/>
            <line num="805" count="0" type="stmt"/>
            <line falsecount="0" truecount="0" num="805" type="cond"/>
            <line num="806" count="0" type="stmt"/>
            <line num="811" count="0" type="stmt"/>
            <line falsecount="0" truecount="0" num="811" type="cond"/>
            <line num="812" count="0" type="stmt"/>
            <line num="815" count="0" type="stmt"/>
            <line complexity="1" visibility="public" signature="testToString() : void" num="824" count="0" type="method"/>
            <line num="830" count="0" type="stmt"/>
            <line num="831" count="0" type="stmt"/>
            <line num="836" count="0" type="stmt"/>
            <line num="837" count="0" type="stmt"/>
            <line num="846" count="0" type="stmt"/>
            <line num="847" count="0" type="stmt"/>
            <line num="850" count="0" type="stmt"/>
            <line complexity="1" visibility="public" signature="testValueOfString() : void" num="860" count="0" type="method"/>
            <line num="863" count="0" type="stmt"/>
            <line num="864" count="0" type="stmt"/>
            <line num="865" count="0" type="stmt"/>
            <line num="866" count="0" type="stmt"/>
            <line num="867" count="0" type="stmt"/>
            <line num="868" count="0" type="stmt"/>
            <line num="869" count="0" type="stmt"/>
            <line num="870" count="0" type="stmt"/>
            <line num="873" count="0" type="stmt"/>
            <line num="874" count="0" type="stmt"/>
            <line num="875" count="0" type="stmt"/>
            <line num="876" count="0" type="stmt"/>
            <line complexity="3" visibility="private" signature="badStringUUIDConstructorHelper(String) : void" num="882" count="0" type="method"/>
            <line num="884" count="0" type="stmt"/>
            <line num="886" count="0" type="stmt"/>
            <line num="888" count="0" type="stmt"/>
            <line num="896" count="0" type="stmt"/>
            <line complexity="2" visibility="private" signature="goodStringUUIDConstructorHelper(String) : void" num="900" count="0" type="method"/>
            <line num="902" count="0" type="stmt"/>
            <line num="903" count="0" type="stmt"/>
            <line num="905" count="0" type="stmt"/>
            <line num="909" count="0" type="stmt"/>
            <line num="912" count="0" type="stmt"/>
            <line complexity="3" visibility="private" signature="badStringValueOfHelper(String) : void" num="917" count="0" type="method"/>
            <line num="919" count="0" type="stmt"/>
            <line num="921" count="0" type="stmt"/>
            <line num="923" count="0" type="stmt"/>
            <line num="931" count="0" type="stmt"/>
            <line complexity="2" visibility="private" signature="goodStringValueOfHelper(String) : void" num="935" count="0" type="method"/>
            <line num="937" count="0" type="stmt"/>
            <line num="938" count="0" type="stmt"/>
            <line num="940" count="0" type="stmt"/>
            <line num="944" count="0" type="stmt"/>
            <line num="947" count="0" type="stmt"/>
            <line complexity="1" visibility="private" signature="assertUUIDsMatchHelper(UUID,UUID) : void" num="952" count="0" type="method"/>
            <line num="956" count="0" type="stmt"/>
            <line num="960" count="0" type="stmt"/>
            <line complexity="1" visibility="private" signature="assertUUIDEqualOrderHelper(UUID,UUID) : void" num="965" count="0" type="method"/>
            <line num="967" count="0" type="stmt"/>
            <line num="969" count="0" type="stmt"/>
            <line complexity="1" visibility="private" signature="assertUUIDGreaterOrderHelper(UUID,UUID) : void" num="973" count="0" type="method"/>
            <line num="975" count="0" type="stmt"/>
            <line num="976" count="0" type="stmt"/>
            <line num="977" count="0" type="stmt"/>
            <line num="978" count="0" type="stmt"/>
         </file>
         <file path="/Users/seyoung/data/repo/src/test/java/com/fasterxml/uuid/UUIDTimerTest.java" name="UUIDTimerTest.java">
            <metrics coveredelements="0" coveredconditionals="0" complexity="29" loc="387" coveredmethods="0" methods="16" elements="128" classes="2" ncloc="240" statements="92" conditionals="20" coveredstatements="0"/>
            <class name="UUIDTimerTest">
               <metrics coveredelements="0" coveredconditionals="0" complexity="27" coveredmethods="0" methods="14" elements="124" statements="90" conditionals="20" coveredstatements="0"/>
            </class>
            <class name="UUIDTimerTest.ReverseOrderUUIDTimerLongComparator">
               <metrics coveredelements="0" coveredconditionals="0" complexity="2" coveredmethods="0" methods="2" elements="4" statements="2" conditionals="0" coveredstatements="0"/>
            </class>
            <line complexity="1" visibility="public" signature="UUIDTimerTest(java.lang.String)" num="44" count="0" type="method"/>
            <line num="46" count="0" type="stmt"/>
            <line complexity="1" visibility="public" signature="suite() : Test" num="49" count="0" type="method"/>
            <line num="51" count="0" type="stmt"/>
            <line num="52" count="0" type="stmt"/>
            <line complexity="1" visibility="public" signature="main(String[]) : void" num="55" count="0" type="method"/>
            <line num="57" count="0" type="stmt"/>
            <line complexity="2" visibility="public" signature="testSecureRandomUUIDTimerConstructor() : void" num="67" count="0" type="method"/>
            <line num="70" count="0" type="stmt"/>
            <line num="71" count="0" type="stmt"/>
            <line num="73" count="0" type="stmt"/>
            <line num="79" count="0" type="stmt"/>
            <line num="80" count="0" type="stmt"/>
            <line num="83" count="0" type="stmt"/>
            <line num="84" count="0" type="stmt"/>
            <line num="86" count="0" type="stmt"/>
            <line complexity="5" visibility="public" signature="testGetTimestamp() : void" num="97" count="0" type="method"/>
            <line num="100" count="0" type="stmt"/>
            <line num="103" count="0" type="stmt"/>
            <line num="104" count="0" type="stmt"/>
            <line num="107" count="0" type="stmt"/>
            <line num="109" count="0" type="stmt"/>
            <line num="110" count="0" type="stmt"/>
            <line num="112" count="0" type="stmt"/>
            <line num="120" count="0" type="stmt"/>
            <line num="124" count="0" type="stmt"/>
            <line num="125" count="0" type="stmt"/>
            <line num="127" count="0" type="stmt"/>
            <line num="133" count="0" type="stmt"/>
            <line num="134" count="0" type="stmt"/>
            <line num="135" count="0" type="stmt"/>
            <line num="136" count="0" type="stmt"/>
            <line falsecount="0" truecount="0" num="136" type="cond"/>
            <line num="138" count="0" type="stmt"/>
            <line num="143" count="0" type="stmt"/>
            <line num="149" count="0" type="stmt"/>
            <line num="153" count="0" type="stmt"/>
            <line num="156" count="0" type="stmt"/>
            <line falsecount="0" truecount="0" num="156" type="cond"/>
            <line num="158" count="0" type="stmt"/>
            <line num="162" count="0" type="stmt"/>
            <line num="165" count="0" type="stmt"/>
            <line num="170" count="0" type="stmt"/>
            <line num="173" count="0" type="stmt"/>
            <line num="176" count="0" type="stmt"/>
            <line num="179" count="0" type="stmt"/>
            <line complexity="1" visibility="public" signature="testGetTimestampReproducible() : void" num="187" count="0" type="method"/>
            <line num="189" count="0" type="stmt"/>
            <line num="190" count="0" type="stmt"/>
            <line num="192" count="0" type="stmt"/>
            <line complexity="1" visibility="public" signature="currentTimeMillis() : long" num="193" count="0" type="method"/>
            <line num="195" count="0" type="stmt"/>
            <line num="198" count="0" type="stmt"/>
            <line complexity="1" visibility="public" signature="currentTimeMillis() : long" num="199" count="0" type="method"/>
            <line num="201" count="0" type="stmt"/>
            <line num="205" count="0" type="stmt"/>
            <line complexity="2" visibility="private" signature="convertArrayOfByteArraysToArrayOfLongs(byte[][]) : Long[]" num="211" count="0" type="method"/>
            <line num="214" count="0" type="stmt"/>
            <line num="215" count="0" type="stmt"/>
            <line falsecount="0" truecount="0" num="215" type="cond"/>
            <line num="220" count="0" type="stmt"/>
            <line num="221" count="0" type="stmt"/>
            <line num="222" count="0" type="stmt"/>
            <line num="223" count="0" type="stmt"/>
            <line num="224" count="0" type="stmt"/>
            <line num="225" count="0" type="stmt"/>
            <line num="226" count="0" type="stmt"/>
            <line num="227" count="0" type="stmt"/>
            <line num="228" count="0" type="stmt"/>
            <line num="230" count="0" type="stmt"/>
            <line num="233" count="0" type="stmt"/>
            <line complexity="1" visibility="public" signature="compare(Long,Long) : int" num="242" count="0" type="method"/>
            <line num="244" count="0" type="stmt"/>
            <line complexity="1" visibility="public" signature="equals(Object) : boolean" num="248" count="0" type="method"/>
            <line num="251" count="0" type="stmt"/>
            <line complexity="3" visibility="private" signature="checkUUIDTimerLongArrayForCorrectOrdering(Long[]) : void" num="255" count="0" type="method"/>
            <line num="259" count="0" type="stmt"/>
            <line num="260" count="0" type="stmt"/>
            <line num="264" count="0" type="stmt"/>
            <line num="266" count="0" type="stmt"/>
            <line num="269" count="0" type="stmt"/>
            <line num="270" count="0" type="stmt"/>
            <line falsecount="0" truecount="0" num="270" type="cond"/>
            <line num="272" count="0" type="stmt"/>
            <line num="284" count="0" type="stmt"/>
            <line num="285" count="0" type="stmt"/>
            <line falsecount="0" truecount="0" num="285" type="cond"/>
            <line num="287" count="0" type="stmt"/>
            <line complexity="2" visibility="private" signature="checkUUIDTimerLongArrayForUniqueness(Long[]) : void" num="296" count="0" type="method"/>
            <line num="302" count="0" type="stmt"/>
            <line num="303" count="0" type="stmt"/>
            <line falsecount="0" truecount="0" num="303" type="cond"/>
            <line num="305" count="0" type="stmt"/>
            <line num="307" count="0" type="stmt"/>
            <line complexity="2" visibility="private" signature="checkUUIDTimerLongArrayForCorrectCreationTime(Long[],long,long) : void" num="313" count="0" type="method"/>
            <line num="320" count="0" type="stmt"/>
            <line num="324" count="0" type="stmt"/>
            <line num="327" count="0" type="stmt"/>
            <line num="332" count="0" type="stmt"/>
            <line falsecount="0" truecount="0" num="332" type="cond"/>
            <line num="334" count="0" type="stmt"/>
            <line num="337" count="0" type="stmt"/>
            <line num="340" count="0" type="stmt"/>
            <line num="343" count="0" type="stmt"/>
            <line num="347" count="0" type="stmt"/>
            <line complexity="2" visibility="private" signature="checkUUIDTimerLongArrayForNonNullTimes(Long[]) : void" num="354" count="0" type="method"/>
            <line num="357" count="0" type="stmt"/>
            <line falsecount="0" truecount="0" num="357" type="cond"/>
            <line num="359" count="0" type="stmt"/>
            <line complexity="3" visibility="private" signature="assertArrayNotEqual(byte[],byte[],int) : void" num="364" count="0" type="method"/>
            <line num="366" count="0" type="stmt"/>
            <line num="368" count="0" type="stmt"/>
            <line num="371" count="0" type="stmt"/>
            <line falsecount="0" truecount="0" num="371" type="cond"/>
            <line num="376" count="0" type="stmt"/>
            <line falsecount="0" truecount="0" num="376" type="cond"/>
            <line num="378" count="0" type="stmt"/>
            <line num="382" count="0" type="stmt"/>
         </file>
      </package>
   </testproject>
</coverage>